[02-Oct-2017 21:59:37 Asia/Tokyo] PHP Fatal error:  Class 'App\Http\Controllers\Item' not found in /home/ubuntu/workspace/monolist/app/Http/Controllers/ItemsController.php on line 41
[02-Oct-2017 21:59:37 Asia/Tokyo] PHP Stack trace:
[02-Oct-2017 21:59:37 Asia/Tokyo] PHP   1. {main}() /home/ubuntu/workspace/monolist/server.php:0
[02-Oct-2017 21:59:37 Asia/Tokyo] PHP   2. require_once() /home/ubuntu/workspace/monolist/server.php:21
[02-Oct-2017 21:59:37 Asia/Tokyo] PHP   3. Illuminate\Foundation\Http\Kernel->handle() /home/ubuntu/workspace/monolist/public/index.php:54
[02-Oct-2017 21:59:37 Asia/Tokyo] PHP   4. Illuminate\Foundation\Http\Kernel->sendRequestThroughRouter() /home/ubuntu/workspace/monolist/vendor/laravel/framework/src/Illuminate/Foundation/Http/Kernel.php:87
[02-Oct-2017 21:59:37 Asia/Tokyo] PHP   5. Illuminate\Pipeline\Pipeline->then() /home/ubuntu/workspace/monolist/vendor/laravel/framework/src/Illuminate/Foundation/Http/Kernel.php:122
[02-Oct-2017 21:59:37 Asia/Tokyo] PHP   6. call_user_func:{/home/ubuntu/workspace/monolist/vendor/laravel/framework/src/Illuminate/Pipeline/Pipeline.php:103}() /home/ubuntu/workspace/monolist/vendor/laravel/framework/src/Illuminate/Pipeline/Pipeline.php:103
[02-Oct-2017 21:59:37 Asia/Tokyo] PHP   7. Illuminate\Pipeline\Pipeline->Illuminate\Pipeline\{closure}() /home/ubuntu/workspace/monolist/vendor/laravel/framework/src/Illuminate/Pipeline/Pipeline.php:103
[02-Oct-2017 21:59:37 Asia/Tokyo] PHP   8. call_user_func_array:{/home/ubuntu/workspace/monolist/vendor/laravel/framework/src/Illuminate/Pipeline/Pipeline.php:124}() /home/ubuntu/workspace/monolist/vendor/laravel/framework/src/Illuminate/Pipeline/Pipeline.php:124
[02-Oct-2017 21:59:37 Asia/Tokyo] PHP   9. Illuminate\Foundation\Http\Middleware\CheckForMaintenanceMode->handle() /home/ubuntu/workspace/monolist/vendor/laravel/framework/src/Illuminate/Pipeline/Pipeline.php:124
[02-Oct-2017 21:59:37 Asia/Tokyo] PHP  10. Illuminate\Pipeline\Pipeline->Illuminate\Pipeline\{closure}() /home/ubuntu/workspace/monolist/vendor/laravel/framework/src/Illuminate/Foundation/Http/Middleware/CheckForMaintenanceMode.php:44
[02-Oct-2017 21:59:37 Asia/Tokyo] PHP  11. call_user_func_array:{/home/ubuntu/workspace/monolist/vendor/laravel/framework/src/Illuminate/Pipeline/Pipeline.php:124}() /home/ubuntu/workspace/monolist/vendor/laravel/framework/src/Illuminate/Pipeline/Pipeline.php:124
[02-Oct-2017 21:59:37 Asia/Tokyo] PHP  12. Illuminate\Cookie\Middleware\EncryptCookies->handle() /home/ubuntu/workspace/monolist/vendor/laravel/framework/src/Illuminate/Pipeline/Pipeline.php:124
[02-Oct-2017 21:59:37 Asia/Tokyo] PHP  13. Illuminate\Pipeline\Pipeline->Illuminate\Pipeline\{closure}() /home/ubuntu/workspace/monolist/vendor/laravel/framework/src/Illuminate/Cookie/Middleware/EncryptCookies.php:59
[02-Oct-2017 21:59:37 Asia/Tokyo] PHP  14. call_user_func_array:{/home/ubuntu/workspace/monolist/vendor/laravel/framework/src/Illuminate/Pipeline/Pipeline.php:124}() /home/ubuntu/workspace/monolist/vendor/laravel/framework/src/Illuminate/Pipeline/Pipeline.php:124
[02-Oct-2017 21:59:37 Asia/Tokyo] PHP  15. Illuminate\Cookie\Middleware\AddQueuedCookiesToResponse->handle() /home/ubuntu/workspace/monolist/vendor/laravel/framework/src/Illuminate/Pipeline/Pipeline.php:124
[02-Oct-2017 21:59:37 Asia/Tokyo] PHP  16. Illuminate\Pipeline\Pipeline->Illuminate\Pipeline\{closure}() /home/ubuntu/workspace/monolist/vendor/laravel/framework/src/Illuminate/Cookie/Middleware/AddQueuedCookiesToResponse.php:37
[02-Oct-2017 21:59:37 Asia/Tokyo] PHP  17. call_user_func_array:{/home/ubuntu/workspace/monolist/vendor/laravel/framework/src/Illuminate/Pipeline/Pipeline.php:124}() /home/ubuntu/workspace/monolist/vendor/laravel/framework/src/Illuminate/Pipeline/Pipeline.php:124
[02-Oct-2017 21:59:37 Asia/Tokyo] PHP  18. Illuminate\Session\Middleware\StartSession->handle() /home/ubuntu/workspace/monolist/vendor/laravel/framework/src/Illuminate/Pipeline/Pipeline.php:124
[02-Oct-2017 21:59:37 Asia/Tokyo] PHP  19. Illuminate\Pipeline\Pipeline->Illuminate\Pipeline\{closure}() /home/ubuntu/workspace/monolist/vendor/laravel/framework/src/Illuminate/Session/Middleware/StartSession.php:62
[02-Oct-2017 21:59:37 Asia/Tokyo] PHP  20. call_user_func_array:{/home/ubuntu/workspace/monolist/vendor/laravel/framework/src/Illuminate/Pipeline/Pipeline.php:124}() /home/ubuntu/workspace/monolist/vendor/laravel/framework/src/Illuminate/Pipeline/Pipeline.php:124
[02-Oct-2017 21:59:37 Asia/Tokyo] PHP  21. Illuminate\View\Middleware\ShareErrorsFromSession->handle() /home/ubuntu/workspace/monolist/vendor/laravel/framework/src/Illuminate/Pipeline/Pipeline.php:124
[02-Oct-2017 21:59:37 Asia/Tokyo] PHP  22. Illuminate\Pipeline\Pipeline->Illuminate\Pipeline\{closure}() /home/ubuntu/workspace/monolist/vendor/laravel/framework/src/Illuminate/View/Middleware/ShareErrorsFromSession.php:49
[02-Oct-2017 21:59:37 Asia/Tokyo] PHP  23. call_user_func_array:{/home/ubuntu/workspace/monolist/vendor/laravel/framework/src/Illuminate/Pipeline/Pipeline.php:124}() /home/ubuntu/workspace/monolist/vendor/laravel/framework/src/Illuminate/Pipeline/Pipeline.php:124
[02-Oct-2017 21:59:37 Asia/Tokyo] PHP  24. Illuminate\Foundation\Http\Middleware\VerifyCsrfToken->handle() /home/ubuntu/workspace/monolist/vendor/laravel/framework/src/Illuminate/Pipeline/Pipeline.php:124
[02-Oct-2017 21:59:37 Asia/Tokyo] PHP  25. Illuminate\Pipeline\Pipeline->Illuminate\Pipeline\{closure}() /home/ubuntu/workspace/monolist/vendor/laravel/framework/src/Illuminate/Foundation/Http/Middleware/VerifyCsrfToken.php:50
[02-Oct-2017 21:59:37 Asia/Tokyo] PHP  26. call_user_func:{/home/ubuntu/workspace/monolist/vendor/laravel/framework/src/Illuminate/Pipeline/Pipeline.php:139}() /home/ubuntu/workspace/monolist/vendor/laravel/framework/src/Illuminate/Pipeline/Pipeline.php:139
[02-Oct-2017 21:59:37 Asia/Tokyo] PHP  27. Illuminate\Foundation\Http\Kernel->Illuminate\Foundation\Http\{closure}() /home/ubuntu/workspace/monolist/vendor/laravel/framework/src/Illuminate/Pipeline/Pipeline.php:139
[02-Oct-2017 21:59:37 Asia/Tokyo] PHP  28. Illuminate\Routing\Router->dispatch() /home/ubuntu/workspace/monolist/vendor/laravel/framework/src/Illuminate/Foundation/Http/Kernel.php:236
[02-Oct-2017 21:59:37 Asia/Tokyo] PHP  29. Illuminate\Routing\Router->dispatchToRoute() /home/ubuntu/workspace/monolist/vendor/laravel/framework/src/Illuminate/Routing/Router.php:635
[02-Oct-2017 21:59:37 Asia/Tokyo] PHP  30. Illuminate\Routing\Router->runRouteWithinStack() /home/ubuntu/workspace/monolist/vendor/laravel/framework/src/Illuminate/Routing/Router.php:675
[02-Oct-2017 21:59:37 Asia/Tokyo] PHP  31. Illuminate\Pipeline\Pipeline->then() /home/ubuntu/workspace/monolist/vendor/laravel/framework/src/Illuminate/Routing/Router.php:710
[02-Oct-2017 21:59:37 Asia/Tokyo] PHP  32. call_user_func:{/home/ubuntu/workspace/monolist/vendor/laravel/framework/src/Illuminate/Pipeline/Pipeline.php:103}() /home/ubuntu/workspace/monolist/vendor/laravel/framework/src/Illuminate/Pipeline/Pipeline.php:103
[02-Oct-2017 21:59:37 Asia/Tokyo] PHP  33. Illuminate\Pipeline\Pipeline->Illuminate\Pipeline\{closure}() /home/ubuntu/workspace/monolist/vendor/laravel/framework/src/Illuminate/Pipeline/Pipeline.php:103
[02-Oct-2017 21:59:37 Asia/Tokyo] PHP  34. call_user_func_array:{/home/ubuntu/workspace/monolist/vendor/laravel/framework/src/Illuminate/Pipeline/Pipeline.php:124}() /home/ubuntu/workspace/monolist/vendor/laravel/framework/src/Illuminate/Pipeline/Pipeline.php:124
[02-Oct-2017 21:59:37 Asia/Tokyo] PHP  35. App\Http\Middleware\Authenticate->handle() /home/ubuntu/workspace/monolist/vendor/laravel/framework/src/Illuminate/Pipeline/Pipeline.php:124
[02-Oct-2017 21:59:37 Asia/Tokyo] PHP  36. Illuminate\Pipeline\Pipeline->Illuminate\Pipeline\{closure}() /home/ubuntu/workspace/monolist/app/Http/Middleware/Authenticate.php:45
[02-Oct-2017 21:59:37 Asia/Tokyo] PHP  37. call_user_func:{/home/ubuntu/workspace/monolist/vendor/laravel/framework/src/Illuminate/Pipeline/Pipeline.php:139}() /home/ubuntu/workspace/monolist/vendor/laravel/framework/src/Illuminate/Pipeline/Pipeline.php:139
[02-Oct-2017 21:59:37 Asia/Tokyo] PHP  38. Illuminate\Routing\Router->Illuminate\Routing\{closure}() /home/ubuntu/workspace/monolist/vendor/laravel/framework/src/Illuminate/Pipeline/Pipeline.php:139
[02-Oct-2017 21:59:37 Asia/Tokyo] PHP  39. Illuminate\Routing\Route->run() /home/ubuntu/workspace/monolist/vendor/laravel/framework/src/Illuminate/Routing/Router.php:708
[02-Oct-2017 21:59:37 Asia/Tokyo] PHP  40. Illuminate\Routing\Route->runWithCustomDispatcher() /home/ubuntu/workspace/monolist/vendor/laravel/framework/src/Illuminate/Routing/Route.php:134
[02-Oct-2017 21:59:37 Asia/Tokyo] PHP  41. Illuminate\Routing\ControllerDispatcher->dispatch() /home/ubuntu/workspace/monolist/vendor/laravel/framework/src/Illuminate/Routing/Route.php:203
[02-Oct-2017 21:59:37 Asia/Tokyo] PHP  42. Illuminate\Routing\ControllerDispatcher->callWithinStack() /home/ubuntu/workspace/monolist/vendor/laravel/framework/src/Illuminate/Routing/ControllerDispatcher.php:69
[02-Oct-2017 21:59:37 Asia/Tokyo] PHP  43. Illuminate\Pipeline\Pipeline->then() /home/ubuntu/workspace/monolist/vendor/laravel/framework/src/Illuminate/Routing/ControllerDispatcher.php:114
[02-Oct-2017 21:59:37 Asia/Tokyo] PHP  44. call_user_func:{/home/ubuntu/workspace/monolist/vendor/laravel/framework/src/Illuminate/Pipeline/Pipeline.php:103}() /home/ubuntu/workspace/monolist/vendor/laravel/framework/src/Illuminate/Pipeline/Pipeline.php:103
[02-Oct-2017 21:59:37 Asia/Tokyo] PHP  45. Illuminate\Pipeline\Pipeline->Illuminate\Pipeline\{closure}() /home/ubuntu/workspace/monolist/vendor/laravel/framework/src/Illuminate/Pipeline/Pipeline.php:103
[02-Oct-2017 21:59:37 Asia/Tokyo] PHP  46. call_user_func:{/home/ubuntu/workspace/monolist/vendor/laravel/framework/src/Illuminate/Pipeline/Pipeline.php:139}() /home/ubuntu/workspace/monolist/vendor/laravel/framework/src/Illuminate/Pipeline/Pipeline.php:139
[02-Oct-2017 21:59:37 Asia/Tokyo] PHP  47. Illuminate\Routing\ControllerDispatcher->Illuminate\Routing\{closure}() /home/ubuntu/workspace/monolist/vendor/laravel/framework/src/Illuminate/Pipeline/Pipeline.php:139
[02-Oct-2017 21:59:37 Asia/Tokyo] PHP  48. Illuminate\Routing\ControllerDispatcher->call() /home/ubuntu/workspace/monolist/vendor/laravel/framework/src/Illuminate/Routing/ControllerDispatcher.php:112
[02-Oct-2017 21:59:37 Asia/Tokyo] PHP  49. Illuminate\Routing\Controller->callAction() /home/ubuntu/workspace/monolist/vendor/laravel/framework/src/Illuminate/Routing/ControllerDispatcher.php:164
[02-Oct-2017 21:59:37 Asia/Tokyo] PHP  50. call_user_func_array:{/home/ubuntu/workspace/monolist/vendor/laravel/framework/src/Illuminate/Routing/Controller.php:256}() /home/ubuntu/workspace/monolist/vendor/laravel/framework/src/Illuminate/Routing/Controller.php:256
[02-Oct-2017 21:59:37 Asia/Tokyo] PHP  51. App\Http\Controllers\ItemsController->create() /home/ubuntu/workspace/monolist/vendor/laravel/framework/src/Illuminate/Routing/Controller.php:256
[02-Oct-2017 23:25:37 Asia/Tokyo] PHP Fatal error:  Class 'App\Http\Controllers\Item' not found in /home/ubuntu/workspace/monolist/app/Http/Controllers/ItemsController.php on line 41
[02-Oct-2017 23:25:37 Asia/Tokyo] PHP Stack trace:
[02-Oct-2017 23:25:37 Asia/Tokyo] PHP   1. {main}() /home/ubuntu/workspace/monolist/server.php:0
[02-Oct-2017 23:25:37 Asia/Tokyo] PHP   2. require_once() /home/ubuntu/workspace/monolist/server.php:21
[02-Oct-2017 23:25:37 Asia/Tokyo] PHP   3. Illuminate\Foundation\Http\Kernel->handle() /home/ubuntu/workspace/monolist/public/index.php:54
[02-Oct-2017 23:25:37 Asia/Tokyo] PHP   4. Illuminate\Foundation\Http\Kernel->sendRequestThroughRouter() /home/ubuntu/workspace/monolist/vendor/laravel/framework/src/Illuminate/Foundation/Http/Kernel.php:87
[02-Oct-2017 23:25:37 Asia/Tokyo] PHP   5. Illuminate\Pipeline\Pipeline->then() /home/ubuntu/workspace/monolist/vendor/laravel/framework/src/Illuminate/Foundation/Http/Kernel.php:122
[02-Oct-2017 23:25:37 Asia/Tokyo] PHP   6. call_user_func:{/home/ubuntu/workspace/monolist/vendor/laravel/framework/src/Illuminate/Pipeline/Pipeline.php:103}() /home/ubuntu/workspace/monolist/vendor/laravel/framework/src/Illuminate/Pipeline/Pipeline.php:103
[02-Oct-2017 23:25:37 Asia/Tokyo] PHP   7. Illuminate\Pipeline\Pipeline->Illuminate\Pipeline\{closure}() /home/ubuntu/workspace/monolist/vendor/laravel/framework/src/Illuminate/Pipeline/Pipeline.php:103
[02-Oct-2017 23:25:37 Asia/Tokyo] PHP   8. call_user_func_array:{/home/ubuntu/workspace/monolist/vendor/laravel/framework/src/Illuminate/Pipeline/Pipeline.php:124}() /home/ubuntu/workspace/monolist/vendor/laravel/framework/src/Illuminate/Pipeline/Pipeline.php:124
[02-Oct-2017 23:25:37 Asia/Tokyo] PHP   9. Illuminate\Foundation\Http\Middleware\CheckForMaintenanceMode->handle() /home/ubuntu/workspace/monolist/vendor/laravel/framework/src/Illuminate/Pipeline/Pipeline.php:124
[02-Oct-2017 23:25:37 Asia/Tokyo] PHP  10. Illuminate\Pipeline\Pipeline->Illuminate\Pipeline\{closure}() /home/ubuntu/workspace/monolist/vendor/laravel/framework/src/Illuminate/Foundation/Http/Middleware/CheckForMaintenanceMode.php:44
[02-Oct-2017 23:25:37 Asia/Tokyo] PHP  11. call_user_func_array:{/home/ubuntu/workspace/monolist/vendor/laravel/framework/src/Illuminate/Pipeline/Pipeline.php:124}() /home/ubuntu/workspace/monolist/vendor/laravel/framework/src/Illuminate/Pipeline/Pipeline.php:124
[02-Oct-2017 23:25:37 Asia/Tokyo] PHP  12. Illuminate\Cookie\Middleware\EncryptCookies->handle() /home/ubuntu/workspace/monolist/vendor/laravel/framework/src/Illuminate/Pipeline/Pipeline.php:124
[02-Oct-2017 23:25:37 Asia/Tokyo] PHP  13. Illuminate\Pipeline\Pipeline->Illuminate\Pipeline\{closure}() /home/ubuntu/workspace/monolist/vendor/laravel/framework/src/Illuminate/Cookie/Middleware/EncryptCookies.php:59
[02-Oct-2017 23:25:37 Asia/Tokyo] PHP  14. call_user_func_array:{/home/ubuntu/workspace/monolist/vendor/laravel/framework/src/Illuminate/Pipeline/Pipeline.php:124}() /home/ubuntu/workspace/monolist/vendor/laravel/framework/src/Illuminate/Pipeline/Pipeline.php:124
[02-Oct-2017 23:25:37 Asia/Tokyo] PHP  15. Illuminate\Cookie\Middleware\AddQueuedCookiesToResponse->handle() /home/ubuntu/workspace/monolist/vendor/laravel/framework/src/Illuminate/Pipeline/Pipeline.php:124
[02-Oct-2017 23:25:37 Asia/Tokyo] PHP  16. Illuminate\Pipeline\Pipeline->Illuminate\Pipeline\{closure}() /home/ubuntu/workspace/monolist/vendor/laravel/framework/src/Illuminate/Cookie/Middleware/AddQueuedCookiesToResponse.php:37
[02-Oct-2017 23:25:37 Asia/Tokyo] PHP  17. call_user_func_array:{/home/ubuntu/workspace/monolist/vendor/laravel/framework/src/Illuminate/Pipeline/Pipeline.php:124}() /home/ubuntu/workspace/monolist/vendor/laravel/framework/src/Illuminate/Pipeline/Pipeline.php:124
[02-Oct-2017 23:25:37 Asia/Tokyo] PHP  18. Illuminate\Session\Middleware\StartSession->handle() /home/ubuntu/workspace/monolist/vendor/laravel/framework/src/Illuminate/Pipeline/Pipeline.php:124
[02-Oct-2017 23:25:37 Asia/Tokyo] PHP  19. Illuminate\Pipeline\Pipeline->Illuminate\Pipeline\{closure}() /home/ubuntu/workspace/monolist/vendor/laravel/framework/src/Illuminate/Session/Middleware/StartSession.php:62
[02-Oct-2017 23:25:37 Asia/Tokyo] PHP  20. call_user_func_array:{/home/ubuntu/workspace/monolist/vendor/laravel/framework/src/Illuminate/Pipeline/Pipeline.php:124}() /home/ubuntu/workspace/monolist/vendor/laravel/framework/src/Illuminate/Pipeline/Pipeline.php:124
[02-Oct-2017 23:25:37 Asia/Tokyo] PHP  21. Illuminate\View\Middleware\ShareErrorsFromSession->handle() /home/ubuntu/workspace/monolist/vendor/laravel/framework/src/Illuminate/Pipeline/Pipeline.php:124
[02-Oct-2017 23:25:37 Asia/Tokyo] PHP  22. Illuminate\Pipeline\Pipeline->Illuminate\Pipeline\{closure}() /home/ubuntu/workspace/monolist/vendor/laravel/framework/src/Illuminate/View/Middleware/ShareErrorsFromSession.php:49
[02-Oct-2017 23:25:37 Asia/Tokyo] PHP  23. call_user_func_array:{/home/ubuntu/workspace/monolist/vendor/laravel/framework/src/Illuminate/Pipeline/Pipeline.php:124}() /home/ubuntu/workspace/monolist/vendor/laravel/framework/src/Illuminate/Pipeline/Pipeline.php:124
[02-Oct-2017 23:25:37 Asia/Tokyo] PHP  24. Illuminate\Foundation\Http\Middleware\VerifyCsrfToken->handle() /home/ubuntu/workspace/monolist/vendor/laravel/framework/src/Illuminate/Pipeline/Pipeline.php:124
[02-Oct-2017 23:25:37 Asia/Tokyo] PHP  25. Illuminate\Pipeline\Pipeline->Illuminate\Pipeline\{closure}() /home/ubuntu/workspace/monolist/vendor/laravel/framework/src/Illuminate/Foundation/Http/Middleware/VerifyCsrfToken.php:50
[02-Oct-2017 23:25:37 Asia/Tokyo] PHP  26. call_user_func:{/home/ubuntu/workspace/monolist/vendor/laravel/framework/src/Illuminate/Pipeline/Pipeline.php:139}() /home/ubuntu/workspace/monolist/vendor/laravel/framework/src/Illuminate/Pipeline/Pipeline.php:139
[02-Oct-2017 23:25:37 Asia/Tokyo] PHP  27. Illuminate\Foundation\Http\Kernel->Illuminate\Foundation\Http\{closure}() /home/ubuntu/workspace/monolist/vendor/laravel/framework/src/Illuminate/Pipeline/Pipeline.php:139
[02-Oct-2017 23:25:37 Asia/Tokyo] PHP  28. Illuminate\Routing\Router->dispatch() /home/ubuntu/workspace/monolist/vendor/laravel/framework/src/Illuminate/Foundation/Http/Kernel.php:236
[02-Oct-2017 23:25:37 Asia/Tokyo] PHP  29. Illuminate\Routing\Router->dispatchToRoute() /home/ubuntu/workspace/monolist/vendor/laravel/framework/src/Illuminate/Routing/Router.php:635
[02-Oct-2017 23:25:37 Asia/Tokyo] PHP  30. Illuminate\Routing\Router->runRouteWithinStack() /home/ubuntu/workspace/monolist/vendor/laravel/framework/src/Illuminate/Routing/Router.php:675
[02-Oct-2017 23:25:37 Asia/Tokyo] PHP  31. Illuminate\Pipeline\Pipeline->then() /home/ubuntu/workspace/monolist/vendor/laravel/framework/src/Illuminate/Routing/Router.php:710
[02-Oct-2017 23:25:37 Asia/Tokyo] PHP  32. call_user_func:{/home/ubuntu/workspace/monolist/vendor/laravel/framework/src/Illuminate/Pipeline/Pipeline.php:103}() /home/ubuntu/workspace/monolist/vendor/laravel/framework/src/Illuminate/Pipeline/Pipeline.php:103
[02-Oct-2017 23:25:37 Asia/Tokyo] PHP  33. Illuminate\Pipeline\Pipeline->Illuminate\Pipeline\{closure}() /home/ubuntu/workspace/monolist/vendor/laravel/framework/src/Illuminate/Pipeline/Pipeline.php:103
[02-Oct-2017 23:25:37 Asia/Tokyo] PHP  34. call_user_func_array:{/home/ubuntu/workspace/monolist/vendor/laravel/framework/src/Illuminate/Pipeline/Pipeline.php:124}() /home/ubuntu/workspace/monolist/vendor/laravel/framework/src/Illuminate/Pipeline/Pipeline.php:124
[02-Oct-2017 23:25:37 Asia/Tokyo] PHP  35. App\Http\Middleware\Authenticate->handle() /home/ubuntu/workspace/monolist/vendor/laravel/framework/src/Illuminate/Pipeline/Pipeline.php:124
[02-Oct-2017 23:25:37 Asia/Tokyo] PHP  36. Illuminate\Pipeline\Pipeline->Illuminate\Pipeline\{closure}() /home/ubuntu/workspace/monolist/app/Http/Middleware/Authenticate.php:45
[02-Oct-2017 23:25:37 Asia/Tokyo] PHP  37. call_user_func:{/home/ubuntu/workspace/monolist/vendor/laravel/framework/src/Illuminate/Pipeline/Pipeline.php:139}() /home/ubuntu/workspace/monolist/vendor/laravel/framework/src/Illuminate/Pipeline/Pipeline.php:139
[02-Oct-2017 23:25:37 Asia/Tokyo] PHP  38. Illuminate\Routing\Router->Illuminate\Routing\{closure}() /home/ubuntu/workspace/monolist/vendor/laravel/framework/src/Illuminate/Pipeline/Pipeline.php:139
[02-Oct-2017 23:25:37 Asia/Tokyo] PHP  39. Illuminate\Routing\Route->run() /home/ubuntu/workspace/monolist/vendor/laravel/framework/src/Illuminate/Routing/Router.php:708
[02-Oct-2017 23:25:37 Asia/Tokyo] PHP  40. Illuminate\Routing\Route->runWithCustomDispatcher() /home/ubuntu/workspace/monolist/vendor/laravel/framework/src/Illuminate/Routing/Route.php:134
[02-Oct-2017 23:25:37 Asia/Tokyo] PHP  41. Illuminate\Routing\ControllerDispatcher->dispatch() /home/ubuntu/workspace/monolist/vendor/laravel/framework/src/Illuminate/Routing/Route.php:203
[02-Oct-2017 23:25:37 Asia/Tokyo] PHP  42. Illuminate\Routing\ControllerDispatcher->callWithinStack() /home/ubuntu/workspace/monolist/vendor/laravel/framework/src/Illuminate/Routing/ControllerDispatcher.php:69
[02-Oct-2017 23:25:37 Asia/Tokyo] PHP  43. Illuminate\Pipeline\Pipeline->then() /home/ubuntu/workspace/monolist/vendor/laravel/framework/src/Illuminate/Routing/ControllerDispatcher.php:114
[02-Oct-2017 23:25:37 Asia/Tokyo] PHP  44. call_user_func:{/home/ubuntu/workspace/monolist/vendor/laravel/framework/src/Illuminate/Pipeline/Pipeline.php:103}() /home/ubuntu/workspace/monolist/vendor/laravel/framework/src/Illuminate/Pipeline/Pipeline.php:103
[02-Oct-2017 23:25:37 Asia/Tokyo] PHP  45. Illuminate\Pipeline\Pipeline->Illuminate\Pipeline\{closure}() /home/ubuntu/workspace/monolist/vendor/laravel/framework/src/Illuminate/Pipeline/Pipeline.php:103
[02-Oct-2017 23:25:37 Asia/Tokyo] PHP  46. call_user_func:{/home/ubuntu/workspace/monolist/vendor/laravel/framework/src/Illuminate/Pipeline/Pipeline.php:139}() /home/ubuntu/workspace/monolist/vendor/laravel/framework/src/Illuminate/Pipeline/Pipeline.php:139
[02-Oct-2017 23:25:37 Asia/Tokyo] PHP  47. Illuminate\Routing\ControllerDispatcher->Illuminate\Routing\{closure}() /home/ubuntu/workspace/monolist/vendor/laravel/framework/src/Illuminate/Pipeline/Pipeline.php:139
[02-Oct-2017 23:25:37 Asia/Tokyo] PHP  48. Illuminate\Routing\ControllerDispatcher->call() /home/ubuntu/workspace/monolist/vendor/laravel/framework/src/Illuminate/Routing/ControllerDispatcher.php:112
[02-Oct-2017 23:25:37 Asia/Tokyo] PHP  49. Illuminate\Routing\Controller->callAction() /home/ubuntu/workspace/monolist/vendor/laravel/framework/src/Illuminate/Routing/ControllerDispatcher.php:164
[02-Oct-2017 23:25:37 Asia/Tokyo] PHP  50. call_user_func_array:{/home/ubuntu/workspace/monolist/vendor/laravel/framework/src/Illuminate/Routing/Controller.php:256}() /home/ubuntu/workspace/monolist/vendor/laravel/framework/src/Illuminate/Routing/Controller.php:256
[02-Oct-2017 23:25:37 Asia/Tokyo] PHP  51. App\Http\Controllers\ItemsController->create() /home/ubuntu/workspace/monolist/vendor/laravel/framework/src/Illuminate/Routing/Controller.php:256
[02-Oct-2017 23:27:19 Asia/Tokyo] PHP Fatal error:  Class 'App\Http\Controllers\Item' not found in /home/ubuntu/workspace/monolist/app/Http/Controllers/ItemsController.php on line 42
[02-Oct-2017 23:27:19 Asia/Tokyo] PHP Stack trace:
[02-Oct-2017 23:27:19 Asia/Tokyo] PHP   1. {main}() /home/ubuntu/workspace/monolist/server.php:0
[02-Oct-2017 23:27:19 Asia/Tokyo] PHP   2. require_once() /home/ubuntu/workspace/monolist/server.php:21
[02-Oct-2017 23:27:19 Asia/Tokyo] PHP   3. Illuminate\Foundation\Http\Kernel->handle() /home/ubuntu/workspace/monolist/public/index.php:54
[02-Oct-2017 23:27:19 Asia/Tokyo] PHP   4. Illuminate\Foundation\Http\Kernel->sendRequestThroughRouter() /home/ubuntu/workspace/monolist/vendor/laravel/framework/src/Illuminate/Foundation/Http/Kernel.php:87
[02-Oct-2017 23:27:19 Asia/Tokyo] PHP   5. Illuminate\Pipeline\Pipeline->then() /home/ubuntu/workspace/monolist/vendor/laravel/framework/src/Illuminate/Foundation/Http/Kernel.php:122
[02-Oct-2017 23:27:19 Asia/Tokyo] PHP   6. call_user_func:{/home/ubuntu/workspace/monolist/vendor/laravel/framework/src/Illuminate/Pipeline/Pipeline.php:103}() /home/ubuntu/workspace/monolist/vendor/laravel/framework/src/Illuminate/Pipeline/Pipeline.php:103
[02-Oct-2017 23:27:19 Asia/Tokyo] PHP   7. Illuminate\Pipeline\Pipeline->Illuminate\Pipeline\{closure}() /home/ubuntu/workspace/monolist/vendor/laravel/framework/src/Illuminate/Pipeline/Pipeline.php:103
[02-Oct-2017 23:27:19 Asia/Tokyo] PHP   8. call_user_func_array:{/home/ubuntu/workspace/monolist/vendor/laravel/framework/src/Illuminate/Pipeline/Pipeline.php:124}() /home/ubuntu/workspace/monolist/vendor/laravel/framework/src/Illuminate/Pipeline/Pipeline.php:124
[02-Oct-2017 23:27:19 Asia/Tokyo] PHP   9. Illuminate\Foundation\Http\Middleware\CheckForMaintenanceMode->handle() /home/ubuntu/workspace/monolist/vendor/laravel/framework/src/Illuminate/Pipeline/Pipeline.php:124
[02-Oct-2017 23:27:19 Asia/Tokyo] PHP  10. Illuminate\Pipeline\Pipeline->Illuminate\Pipeline\{closure}() /home/ubuntu/workspace/monolist/vendor/laravel/framework/src/Illuminate/Foundation/Http/Middleware/CheckForMaintenanceMode.php:44
[02-Oct-2017 23:27:19 Asia/Tokyo] PHP  11. call_user_func_array:{/home/ubuntu/workspace/monolist/vendor/laravel/framework/src/Illuminate/Pipeline/Pipeline.php:124}() /home/ubuntu/workspace/monolist/vendor/laravel/framework/src/Illuminate/Pipeline/Pipeline.php:124
[02-Oct-2017 23:27:19 Asia/Tokyo] PHP  12. Illuminate\Cookie\Middleware\EncryptCookies->handle() /home/ubuntu/workspace/monolist/vendor/laravel/framework/src/Illuminate/Pipeline/Pipeline.php:124
[02-Oct-2017 23:27:19 Asia/Tokyo] PHP  13. Illuminate\Pipeline\Pipeline->Illuminate\Pipeline\{closure}() /home/ubuntu/workspace/monolist/vendor/laravel/framework/src/Illuminate/Cookie/Middleware/EncryptCookies.php:59
[02-Oct-2017 23:27:19 Asia/Tokyo] PHP  14. call_user_func_array:{/home/ubuntu/workspace/monolist/vendor/laravel/framework/src/Illuminate/Pipeline/Pipeline.php:124}() /home/ubuntu/workspace/monolist/vendor/laravel/framework/src/Illuminate/Pipeline/Pipeline.php:124
[02-Oct-2017 23:27:19 Asia/Tokyo] PHP  15. Illuminate\Cookie\Middleware\AddQueuedCookiesToResponse->handle() /home/ubuntu/workspace/monolist/vendor/laravel/framework/src/Illuminate/Pipeline/Pipeline.php:124
[02-Oct-2017 23:27:19 Asia/Tokyo] PHP  16. Illuminate\Pipeline\Pipeline->Illuminate\Pipeline\{closure}() /home/ubuntu/workspace/monolist/vendor/laravel/framework/src/Illuminate/Cookie/Middleware/AddQueuedCookiesToResponse.php:37
[02-Oct-2017 23:27:19 Asia/Tokyo] PHP  17. call_user_func_array:{/home/ubuntu/workspace/monolist/vendor/laravel/framework/src/Illuminate/Pipeline/Pipeline.php:124}() /home/ubuntu/workspace/monolist/vendor/laravel/framework/src/Illuminate/Pipeline/Pipeline.php:124
[02-Oct-2017 23:27:19 Asia/Tokyo] PHP  18. Illuminate\Session\Middleware\StartSession->handle() /home/ubuntu/workspace/monolist/vendor/laravel/framework/src/Illuminate/Pipeline/Pipeline.php:124
[02-Oct-2017 23:27:19 Asia/Tokyo] PHP  19. Illuminate\Pipeline\Pipeline->Illuminate\Pipeline\{closure}() /home/ubuntu/workspace/monolist/vendor/laravel/framework/src/Illuminate/Session/Middleware/StartSession.php:62
[02-Oct-2017 23:27:19 Asia/Tokyo] PHP  20. call_user_func_array:{/home/ubuntu/workspace/monolist/vendor/laravel/framework/src/Illuminate/Pipeline/Pipeline.php:124}() /home/ubuntu/workspace/monolist/vendor/laravel/framework/src/Illuminate/Pipeline/Pipeline.php:124
[02-Oct-2017 23:27:19 Asia/Tokyo] PHP  21. Illuminate\View\Middleware\ShareErrorsFromSession->handle() /home/ubuntu/workspace/monolist/vendor/laravel/framework/src/Illuminate/Pipeline/Pipeline.php:124
[02-Oct-2017 23:27:19 Asia/Tokyo] PHP  22. Illuminate\Pipeline\Pipeline->Illuminate\Pipeline\{closure}() /home/ubuntu/workspace/monolist/vendor/laravel/framework/src/Illuminate/View/Middleware/ShareErrorsFromSession.php:49
[02-Oct-2017 23:27:19 Asia/Tokyo] PHP  23. call_user_func_array:{/home/ubuntu/workspace/monolist/vendor/laravel/framework/src/Illuminate/Pipeline/Pipeline.php:124}() /home/ubuntu/workspace/monolist/vendor/laravel/framework/src/Illuminate/Pipeline/Pipeline.php:124
[02-Oct-2017 23:27:19 Asia/Tokyo] PHP  24. Illuminate\Foundation\Http\Middleware\VerifyCsrfToken->handle() /home/ubuntu/workspace/monolist/vendor/laravel/framework/src/Illuminate/Pipeline/Pipeline.php:124
[02-Oct-2017 23:27:19 Asia/Tokyo] PHP  25. Illuminate\Pipeline\Pipeline->Illuminate\Pipeline\{closure}() /home/ubuntu/workspace/monolist/vendor/laravel/framework/src/Illuminate/Foundation/Http/Middleware/VerifyCsrfToken.php:50
[02-Oct-2017 23:27:19 Asia/Tokyo] PHP  26. call_user_func:{/home/ubuntu/workspace/monolist/vendor/laravel/framework/src/Illuminate/Pipeline/Pipeline.php:139}() /home/ubuntu/workspace/monolist/vendor/laravel/framework/src/Illuminate/Pipeline/Pipeline.php:139
[02-Oct-2017 23:27:19 Asia/Tokyo] PHP  27. Illuminate\Foundation\Http\Kernel->Illuminate\Foundation\Http\{closure}() /home/ubuntu/workspace/monolist/vendor/laravel/framework/src/Illuminate/Pipeline/Pipeline.php:139
[02-Oct-2017 23:27:19 Asia/Tokyo] PHP  28. Illuminate\Routing\Router->dispatch() /home/ubuntu/workspace/monolist/vendor/laravel/framework/src/Illuminate/Foundation/Http/Kernel.php:236
[02-Oct-2017 23:27:19 Asia/Tokyo] PHP  29. Illuminate\Routing\Router->dispatchToRoute() /home/ubuntu/workspace/monolist/vendor/laravel/framework/src/Illuminate/Routing/Router.php:635
[02-Oct-2017 23:27:19 Asia/Tokyo] PHP  30. Illuminate\Routing\Router->runRouteWithinStack() /home/ubuntu/workspace/monolist/vendor/laravel/framework/src/Illuminate/Routing/Router.php:675
[02-Oct-2017 23:27:19 Asia/Tokyo] PHP  31. Illuminate\Pipeline\Pipeline->then() /home/ubuntu/workspace/monolist/vendor/laravel/framework/src/Illuminate/Routing/Router.php:710
[02-Oct-2017 23:27:19 Asia/Tokyo] PHP  32. call_user_func:{/home/ubuntu/workspace/monolist/vendor/laravel/framework/src/Illuminate/Pipeline/Pipeline.php:103}() /home/ubuntu/workspace/monolist/vendor/laravel/framework/src/Illuminate/Pipeline/Pipeline.php:103
[02-Oct-2017 23:27:19 Asia/Tokyo] PHP  33. Illuminate\Pipeline\Pipeline->Illuminate\Pipeline\{closure}() /home/ubuntu/workspace/monolist/vendor/laravel/framework/src/Illuminate/Pipeline/Pipeline.php:103
[02-Oct-2017 23:27:19 Asia/Tokyo] PHP  34. call_user_func_array:{/home/ubuntu/workspace/monolist/vendor/laravel/framework/src/Illuminate/Pipeline/Pipeline.php:124}() /home/ubuntu/workspace/monolist/vendor/laravel/framework/src/Illuminate/Pipeline/Pipeline.php:124
[02-Oct-2017 23:27:19 Asia/Tokyo] PHP  35. App\Http\Middleware\Authenticate->handle() /home/ubuntu/workspace/monolist/vendor/laravel/framework/src/Illuminate/Pipeline/Pipeline.php:124
[02-Oct-2017 23:27:19 Asia/Tokyo] PHP  36. Illuminate\Pipeline\Pipeline->Illuminate\Pipeline\{closure}() /home/ubuntu/workspace/monolist/app/Http/Middleware/Authenticate.php:45
[02-Oct-2017 23:27:19 Asia/Tokyo] PHP  37. call_user_func:{/home/ubuntu/workspace/monolist/vendor/laravel/framework/src/Illuminate/Pipeline/Pipeline.php:139}() /home/ubuntu/workspace/monolist/vendor/laravel/framework/src/Illuminate/Pipeline/Pipeline.php:139
[02-Oct-2017 23:27:19 Asia/Tokyo] PHP  38. Illuminate\Routing\Router->Illuminate\Routing\{closure}() /home/ubuntu/workspace/monolist/vendor/laravel/framework/src/Illuminate/Pipeline/Pipeline.php:139
[02-Oct-2017 23:27:19 Asia/Tokyo] PHP  39. Illuminate\Routing\Route->run() /home/ubuntu/workspace/monolist/vendor/laravel/framework/src/Illuminate/Routing/Router.php:708
[02-Oct-2017 23:27:19 Asia/Tokyo] PHP  40. Illuminate\Routing\Route->runWithCustomDispatcher() /home/ubuntu/workspace/monolist/vendor/laravel/framework/src/Illuminate/Routing/Route.php:134
[02-Oct-2017 23:27:19 Asia/Tokyo] PHP  41. Illuminate\Routing\ControllerDispatcher->dispatch() /home/ubuntu/workspace/monolist/vendor/laravel/framework/src/Illuminate/Routing/Route.php:203
[02-Oct-2017 23:27:19 Asia/Tokyo] PHP  42. Illuminate\Routing\ControllerDispatcher->callWithinStack() /home/ubuntu/workspace/monolist/vendor/laravel/framework/src/Illuminate/Routing/ControllerDispatcher.php:69
[02-Oct-2017 23:27:19 Asia/Tokyo] PHP  43. Illuminate\Pipeline\Pipeline->then() /home/ubuntu/workspace/monolist/vendor/laravel/framework/src/Illuminate/Routing/ControllerDispatcher.php:114
[02-Oct-2017 23:27:19 Asia/Tokyo] PHP  44. call_user_func:{/home/ubuntu/workspace/monolist/vendor/laravel/framework/src/Illuminate/Pipeline/Pipeline.php:103}() /home/ubuntu/workspace/monolist/vendor/laravel/framework/src/Illuminate/Pipeline/Pipeline.php:103
[02-Oct-2017 23:27:19 Asia/Tokyo] PHP  45. Illuminate\Pipeline\Pipeline->Illuminate\Pipeline\{closure}() /home/ubuntu/workspace/monolist/vendor/laravel/framework/src/Illuminate/Pipeline/Pipeline.php:103
[02-Oct-2017 23:27:19 Asia/Tokyo] PHP  46. call_user_func:{/home/ubuntu/workspace/monolist/vendor/laravel/framework/src/Illuminate/Pipeline/Pipeline.php:139}() /home/ubuntu/workspace/monolist/vendor/laravel/framework/src/Illuminate/Pipeline/Pipeline.php:139
[02-Oct-2017 23:27:19 Asia/Tokyo] PHP  47. Illuminate\Routing\ControllerDispatcher->Illuminate\Routing\{closure}() /home/ubuntu/workspace/monolist/vendor/laravel/framework/src/Illuminate/Pipeline/Pipeline.php:139
[02-Oct-2017 23:27:19 Asia/Tokyo] PHP  48. Illuminate\Routing\ControllerDispatcher->call() /home/ubuntu/workspace/monolist/vendor/laravel/framework/src/Illuminate/Routing/ControllerDispatcher.php:112
[02-Oct-2017 23:27:19 Asia/Tokyo] PHP  49. Illuminate\Routing\Controller->callAction() /home/ubuntu/workspace/monolist/vendor/laravel/framework/src/Illuminate/Routing/ControllerDispatcher.php:164
[02-Oct-2017 23:27:19 Asia/Tokyo] PHP  50. call_user_func_array:{/home/ubuntu/workspace/monolist/vendor/laravel/framework/src/Illuminate/Routing/Controller.php:256}() /home/ubuntu/workspace/monolist/vendor/laravel/framework/src/Illuminate/Routing/Controller.php:256
[02-Oct-2017 23:27:19 Asia/Tokyo] PHP  51. App\Http\Controllers\ItemsController->create() /home/ubuntu/workspace/monolist/vendor/laravel/framework/src/Illuminate/Routing/Controller.php:256
[02-Oct-2017 23:30:16 Asia/Tokyo] PHP Fatal error:  Class 'App\Http\Controllers\Item' not found in /home/ubuntu/workspace/monolist/app/Http/Controllers/ItemsController.php on line 41
[02-Oct-2017 23:30:16 Asia/Tokyo] PHP Stack trace:
[02-Oct-2017 23:30:16 Asia/Tokyo] PHP   1. {main}() /home/ubuntu/workspace/monolist/server.php:0
[02-Oct-2017 23:30:16 Asia/Tokyo] PHP   2. require_once() /home/ubuntu/workspace/monolist/server.php:21
[02-Oct-2017 23:30:16 Asia/Tokyo] PHP   3. Illuminate\Foundation\Http\Kernel->handle() /home/ubuntu/workspace/monolist/public/index.php:54
[02-Oct-2017 23:30:16 Asia/Tokyo] PHP   4. Illuminate\Foundation\Http\Kernel->sendRequestThroughRouter() /home/ubuntu/workspace/monolist/vendor/laravel/framework/src/Illuminate/Foundation/Http/Kernel.php:87
[02-Oct-2017 23:30:16 Asia/Tokyo] PHP   5. Illuminate\Pipeline\Pipeline->then() /home/ubuntu/workspace/monolist/vendor/laravel/framework/src/Illuminate/Foundation/Http/Kernel.php:122
[02-Oct-2017 23:30:16 Asia/Tokyo] PHP   6. call_user_func:{/home/ubuntu/workspace/monolist/vendor/laravel/framework/src/Illuminate/Pipeline/Pipeline.php:103}() /home/ubuntu/workspace/monolist/vendor/laravel/framework/src/Illuminate/Pipeline/Pipeline.php:103
[02-Oct-2017 23:30:16 Asia/Tokyo] PHP   7. Illuminate\Pipeline\Pipeline->Illuminate\Pipeline\{closure}() /home/ubuntu/workspace/monolist/vendor/laravel/framework/src/Illuminate/Pipeline/Pipeline.php:103
[02-Oct-2017 23:30:16 Asia/Tokyo] PHP   8. call_user_func_array:{/home/ubuntu/workspace/monolist/vendor/laravel/framework/src/Illuminate/Pipeline/Pipeline.php:124}() /home/ubuntu/workspace/monolist/vendor/laravel/framework/src/Illuminate/Pipeline/Pipeline.php:124
[02-Oct-2017 23:30:16 Asia/Tokyo] PHP   9. Illuminate\Foundation\Http\Middleware\CheckForMaintenanceMode->handle() /home/ubuntu/workspace/monolist/vendor/laravel/framework/src/Illuminate/Pipeline/Pipeline.php:124
[02-Oct-2017 23:30:16 Asia/Tokyo] PHP  10. Illuminate\Pipeline\Pipeline->Illuminate\Pipeline\{closure}() /home/ubuntu/workspace/monolist/vendor/laravel/framework/src/Illuminate/Foundation/Http/Middleware/CheckForMaintenanceMode.php:44
[02-Oct-2017 23:30:16 Asia/Tokyo] PHP  11. call_user_func_array:{/home/ubuntu/workspace/monolist/vendor/laravel/framework/src/Illuminate/Pipeline/Pipeline.php:124}() /home/ubuntu/workspace/monolist/vendor/laravel/framework/src/Illuminate/Pipeline/Pipeline.php:124
[02-Oct-2017 23:30:16 Asia/Tokyo] PHP  12. Illuminate\Cookie\Middleware\EncryptCookies->handle() /home/ubuntu/workspace/monolist/vendor/laravel/framework/src/Illuminate/Pipeline/Pipeline.php:124
[02-Oct-2017 23:30:16 Asia/Tokyo] PHP  13. Illuminate\Pipeline\Pipeline->Illuminate\Pipeline\{closure}() /home/ubuntu/workspace/monolist/vendor/laravel/framework/src/Illuminate/Cookie/Middleware/EncryptCookies.php:59
[02-Oct-2017 23:30:16 Asia/Tokyo] PHP  14. call_user_func_array:{/home/ubuntu/workspace/monolist/vendor/laravel/framework/src/Illuminate/Pipeline/Pipeline.php:124}() /home/ubuntu/workspace/monolist/vendor/laravel/framework/src/Illuminate/Pipeline/Pipeline.php:124
[02-Oct-2017 23:30:16 Asia/Tokyo] PHP  15. Illuminate\Cookie\Middleware\AddQueuedCookiesToResponse->handle() /home/ubuntu/workspace/monolist/vendor/laravel/framework/src/Illuminate/Pipeline/Pipeline.php:124
[02-Oct-2017 23:30:16 Asia/Tokyo] PHP  16. Illuminate\Pipeline\Pipeline->Illuminate\Pipeline\{closure}() /home/ubuntu/workspace/monolist/vendor/laravel/framework/src/Illuminate/Cookie/Middleware/AddQueuedCookiesToResponse.php:37
[02-Oct-2017 23:30:16 Asia/Tokyo] PHP  17. call_user_func_array:{/home/ubuntu/workspace/monolist/vendor/laravel/framework/src/Illuminate/Pipeline/Pipeline.php:124}() /home/ubuntu/workspace/monolist/vendor/laravel/framework/src/Illuminate/Pipeline/Pipeline.php:124
[02-Oct-2017 23:30:16 Asia/Tokyo] PHP  18. Illuminate\Session\Middleware\StartSession->handle() /home/ubuntu/workspace/monolist/vendor/laravel/framework/src/Illuminate/Pipeline/Pipeline.php:124
[02-Oct-2017 23:30:16 Asia/Tokyo] PHP  19. Illuminate\Pipeline\Pipeline->Illuminate\Pipeline\{closure}() /home/ubuntu/workspace/monolist/vendor/laravel/framework/src/Illuminate/Session/Middleware/StartSession.php:62
[02-Oct-2017 23:30:16 Asia/Tokyo] PHP  20. call_user_func_array:{/home/ubuntu/workspace/monolist/vendor/laravel/framework/src/Illuminate/Pipeline/Pipeline.php:124}() /home/ubuntu/workspace/monolist/vendor/laravel/framework/src/Illuminate/Pipeline/Pipeline.php:124
[02-Oct-2017 23:30:16 Asia/Tokyo] PHP  21. Illuminate\View\Middleware\ShareErrorsFromSession->handle() /home/ubuntu/workspace/monolist/vendor/laravel/framework/src/Illuminate/Pipeline/Pipeline.php:124
[02-Oct-2017 23:30:16 Asia/Tokyo] PHP  22. Illuminate\Pipeline\Pipeline->Illuminate\Pipeline\{closure}() /home/ubuntu/workspace/monolist/vendor/laravel/framework/src/Illuminate/View/Middleware/ShareErrorsFromSession.php:49
[02-Oct-2017 23:30:16 Asia/Tokyo] PHP  23. call_user_func_array:{/home/ubuntu/workspace/monolist/vendor/laravel/framework/src/Illuminate/Pipeline/Pipeline.php:124}() /home/ubuntu/workspace/monolist/vendor/laravel/framework/src/Illuminate/Pipeline/Pipeline.php:124
[02-Oct-2017 23:30:16 Asia/Tokyo] PHP  24. Illuminate\Foundation\Http\Middleware\VerifyCsrfToken->handle() /home/ubuntu/workspace/monolist/vendor/laravel/framework/src/Illuminate/Pipeline/Pipeline.php:124
[02-Oct-2017 23:30:16 Asia/Tokyo] PHP  25. Illuminate\Pipeline\Pipeline->Illuminate\Pipeline\{closure}() /home/ubuntu/workspace/monolist/vendor/laravel/framework/src/Illuminate/Foundation/Http/Middleware/VerifyCsrfToken.php:50
[02-Oct-2017 23:30:16 Asia/Tokyo] PHP  26. call_user_func:{/home/ubuntu/workspace/monolist/vendor/laravel/framework/src/Illuminate/Pipeline/Pipeline.php:139}() /home/ubuntu/workspace/monolist/vendor/laravel/framework/src/Illuminate/Pipeline/Pipeline.php:139
[02-Oct-2017 23:30:16 Asia/Tokyo] PHP  27. Illuminate\Foundation\Http\Kernel->Illuminate\Foundation\Http\{closure}() /home/ubuntu/workspace/monolist/vendor/laravel/framework/src/Illuminate/Pipeline/Pipeline.php:139
[02-Oct-2017 23:30:16 Asia/Tokyo] PHP  28. Illuminate\Routing\Router->dispatch() /home/ubuntu/workspace/monolist/vendor/laravel/framework/src/Illuminate/Foundation/Http/Kernel.php:236
[02-Oct-2017 23:30:16 Asia/Tokyo] PHP  29. Illuminate\Routing\Router->dispatchToRoute() /home/ubuntu/workspace/monolist/vendor/laravel/framework/src/Illuminate/Routing/Router.php:635
[02-Oct-2017 23:30:16 Asia/Tokyo] PHP  30. Illuminate\Routing\Router->runRouteWithinStack() /home/ubuntu/workspace/monolist/vendor/laravel/framework/src/Illuminate/Routing/Router.php:675
[02-Oct-2017 23:30:16 Asia/Tokyo] PHP  31. Illuminate\Pipeline\Pipeline->then() /home/ubuntu/workspace/monolist/vendor/laravel/framework/src/Illuminate/Routing/Router.php:710
[02-Oct-2017 23:30:16 Asia/Tokyo] PHP  32. call_user_func:{/home/ubuntu/workspace/monolist/vendor/laravel/framework/src/Illuminate/Pipeline/Pipeline.php:103}() /home/ubuntu/workspace/monolist/vendor/laravel/framework/src/Illuminate/Pipeline/Pipeline.php:103
[02-Oct-2017 23:30:16 Asia/Tokyo] PHP  33. Illuminate\Pipeline\Pipeline->Illuminate\Pipeline\{closure}() /home/ubuntu/workspace/monolist/vendor/laravel/framework/src/Illuminate/Pipeline/Pipeline.php:103
[02-Oct-2017 23:30:16 Asia/Tokyo] PHP  34. call_user_func_array:{/home/ubuntu/workspace/monolist/vendor/laravel/framework/src/Illuminate/Pipeline/Pipeline.php:124}() /home/ubuntu/workspace/monolist/vendor/laravel/framework/src/Illuminate/Pipeline/Pipeline.php:124
[02-Oct-2017 23:30:16 Asia/Tokyo] PHP  35. App\Http\Middleware\Authenticate->handle() /home/ubuntu/workspace/monolist/vendor/laravel/framework/src/Illuminate/Pipeline/Pipeline.php:124
[02-Oct-2017 23:30:16 Asia/Tokyo] PHP  36. Illuminate\Pipeline\Pipeline->Illuminate\Pipeline\{closure}() /home/ubuntu/workspace/monolist/app/Http/Middleware/Authenticate.php:45
[02-Oct-2017 23:30:16 Asia/Tokyo] PHP  37. call_user_func:{/home/ubuntu/workspace/monolist/vendor/laravel/framework/src/Illuminate/Pipeline/Pipeline.php:139}() /home/ubuntu/workspace/monolist/vendor/laravel/framework/src/Illuminate/Pipeline/Pipeline.php:139
[02-Oct-2017 23:30:16 Asia/Tokyo] PHP  38. Illuminate\Routing\Router->Illuminate\Routing\{closure}() /home/ubuntu/workspace/monolist/vendor/laravel/framework/src/Illuminate/Pipeline/Pipeline.php:139
[02-Oct-2017 23:30:16 Asia/Tokyo] PHP  39. Illuminate\Routing\Route->run() /home/ubuntu/workspace/monolist/vendor/laravel/framework/src/Illuminate/Routing/Router.php:708
[02-Oct-2017 23:30:16 Asia/Tokyo] PHP  40. Illuminate\Routing\Route->runWithCustomDispatcher() /home/ubuntu/workspace/monolist/vendor/laravel/framework/src/Illuminate/Routing/Route.php:134
[02-Oct-2017 23:30:16 Asia/Tokyo] PHP  41. Illuminate\Routing\ControllerDispatcher->dispatch() /home/ubuntu/workspace/monolist/vendor/laravel/framework/src/Illuminate/Routing/Route.php:203
[02-Oct-2017 23:30:16 Asia/Tokyo] PHP  42. Illuminate\Routing\ControllerDispatcher->callWithinStack() /home/ubuntu/workspace/monolist/vendor/laravel/framework/src/Illuminate/Routing/ControllerDispatcher.php:69
[02-Oct-2017 23:30:16 Asia/Tokyo] PHP  43. Illuminate\Pipeline\Pipeline->then() /home/ubuntu/workspace/monolist/vendor/laravel/framework/src/Illuminate/Routing/ControllerDispatcher.php:114
[02-Oct-2017 23:30:16 Asia/Tokyo] PHP  44. call_user_func:{/home/ubuntu/workspace/monolist/vendor/laravel/framework/src/Illuminate/Pipeline/Pipeline.php:103}() /home/ubuntu/workspace/monolist/vendor/laravel/framework/src/Illuminate/Pipeline/Pipeline.php:103
[02-Oct-2017 23:30:16 Asia/Tokyo] PHP  45. Illuminate\Pipeline\Pipeline->Illuminate\Pipeline\{closure}() /home/ubuntu/workspace/monolist/vendor/laravel/framework/src/Illuminate/Pipeline/Pipeline.php:103
[02-Oct-2017 23:30:16 Asia/Tokyo] PHP  46. call_user_func:{/home/ubuntu/workspace/monolist/vendor/laravel/framework/src/Illuminate/Pipeline/Pipeline.php:139}() /home/ubuntu/workspace/monolist/vendor/laravel/framework/src/Illuminate/Pipeline/Pipeline.php:139
[02-Oct-2017 23:30:16 Asia/Tokyo] PHP  47. Illuminate\Routing\ControllerDispatcher->Illuminate\Routing\{closure}() /home/ubuntu/workspace/monolist/vendor/laravel/framework/src/Illuminate/Pipeline/Pipeline.php:139
[02-Oct-2017 23:30:16 Asia/Tokyo] PHP  48. Illuminate\Routing\ControllerDispatcher->call() /home/ubuntu/workspace/monolist/vendor/laravel/framework/src/Illuminate/Routing/ControllerDispatcher.php:112
[02-Oct-2017 23:30:16 Asia/Tokyo] PHP  49. Illuminate\Routing\Controller->callAction() /home/ubuntu/workspace/monolist/vendor/laravel/framework/src/Illuminate/Routing/ControllerDispatcher.php:164
[02-Oct-2017 23:30:16 Asia/Tokyo] PHP  50. call_user_func_array:{/home/ubuntu/workspace/monolist/vendor/laravel/framework/src/Illuminate/Routing/Controller.php:256}() /home/ubuntu/workspace/monolist/vendor/laravel/framework/src/Illuminate/Routing/Controller.php:256
[02-Oct-2017 23:30:16 Asia/Tokyo] PHP  51. App\Http\Controllers\ItemsController->create() /home/ubuntu/workspace/monolist/vendor/laravel/framework/src/Illuminate/Routing/Controller.php:256
[03-Oct-2017 19:57:54 Asia/Tokyo] PHP Fatal error:  Class 'Item' not found in /home/ubuntu/workspace/monolist/app/Http/Controllers/ItemsController.php on line 41
[03-Oct-2017 19:57:54 Asia/Tokyo] PHP Stack trace:
[03-Oct-2017 19:57:54 Asia/Tokyo] PHP   1. {main}() /home/ubuntu/workspace/monolist/server.php:0
[03-Oct-2017 19:57:54 Asia/Tokyo] PHP   2. require_once() /home/ubuntu/workspace/monolist/server.php:21
[03-Oct-2017 19:57:54 Asia/Tokyo] PHP   3. Illuminate\Foundation\Http\Kernel->handle() /home/ubuntu/workspace/monolist/public/index.php:54
[03-Oct-2017 19:57:54 Asia/Tokyo] PHP   4. Illuminate\Foundation\Http\Kernel->sendRequestThroughRouter() /home/ubuntu/workspace/monolist/vendor/laravel/framework/src/Illuminate/Foundation/Http/Kernel.php:87
[03-Oct-2017 19:57:54 Asia/Tokyo] PHP   5. Illuminate\Pipeline\Pipeline->then() /home/ubuntu/workspace/monolist/vendor/laravel/framework/src/Illuminate/Foundation/Http/Kernel.php:122
[03-Oct-2017 19:57:54 Asia/Tokyo] PHP   6. call_user_func:{/home/ubuntu/workspace/monolist/vendor/laravel/framework/src/Illuminate/Pipeline/Pipeline.php:103}() /home/ubuntu/workspace/monolist/vendor/laravel/framework/src/Illuminate/Pipeline/Pipeline.php:103
[03-Oct-2017 19:57:54 Asia/Tokyo] PHP   7. Illuminate\Pipeline\Pipeline->Illuminate\Pipeline\{closure}() /home/ubuntu/workspace/monolist/vendor/laravel/framework/src/Illuminate/Pipeline/Pipeline.php:103
[03-Oct-2017 19:57:54 Asia/Tokyo] PHP   8. call_user_func_array:{/home/ubuntu/workspace/monolist/vendor/laravel/framework/src/Illuminate/Pipeline/Pipeline.php:124}() /home/ubuntu/workspace/monolist/vendor/laravel/framework/src/Illuminate/Pipeline/Pipeline.php:124
[03-Oct-2017 19:57:54 Asia/Tokyo] PHP   9. Illuminate\Foundation\Http\Middleware\CheckForMaintenanceMode->handle() /home/ubuntu/workspace/monolist/vendor/laravel/framework/src/Illuminate/Pipeline/Pipeline.php:124
[03-Oct-2017 19:57:54 Asia/Tokyo] PHP  10. Illuminate\Pipeline\Pipeline->Illuminate\Pipeline\{closure}() /home/ubuntu/workspace/monolist/vendor/laravel/framework/src/Illuminate/Foundation/Http/Middleware/CheckForMaintenanceMode.php:44
[03-Oct-2017 19:57:54 Asia/Tokyo] PHP  11. call_user_func_array:{/home/ubuntu/workspace/monolist/vendor/laravel/framework/src/Illuminate/Pipeline/Pipeline.php:124}() /home/ubuntu/workspace/monolist/vendor/laravel/framework/src/Illuminate/Pipeline/Pipeline.php:124
[03-Oct-2017 19:57:54 Asia/Tokyo] PHP  12. Illuminate\Cookie\Middleware\EncryptCookies->handle() /home/ubuntu/workspace/monolist/vendor/laravel/framework/src/Illuminate/Pipeline/Pipeline.php:124
[03-Oct-2017 19:57:54 Asia/Tokyo] PHP  13. Illuminate\Pipeline\Pipeline->Illuminate\Pipeline\{closure}() /home/ubuntu/workspace/monolist/vendor/laravel/framework/src/Illuminate/Cookie/Middleware/EncryptCookies.php:59
[03-Oct-2017 19:57:54 Asia/Tokyo] PHP  14. call_user_func_array:{/home/ubuntu/workspace/monolist/vendor/laravel/framework/src/Illuminate/Pipeline/Pipeline.php:124}() /home/ubuntu/workspace/monolist/vendor/laravel/framework/src/Illuminate/Pipeline/Pipeline.php:124
[03-Oct-2017 19:57:54 Asia/Tokyo] PHP  15. Illuminate\Cookie\Middleware\AddQueuedCookiesToResponse->handle() /home/ubuntu/workspace/monolist/vendor/laravel/framework/src/Illuminate/Pipeline/Pipeline.php:124
[03-Oct-2017 19:57:54 Asia/Tokyo] PHP  16. Illuminate\Pipeline\Pipeline->Illuminate\Pipeline\{closure}() /home/ubuntu/workspace/monolist/vendor/laravel/framework/src/Illuminate/Cookie/Middleware/AddQueuedCookiesToResponse.php:37
[03-Oct-2017 19:57:54 Asia/Tokyo] PHP  17. call_user_func_array:{/home/ubuntu/workspace/monolist/vendor/laravel/framework/src/Illuminate/Pipeline/Pipeline.php:124}() /home/ubuntu/workspace/monolist/vendor/laravel/framework/src/Illuminate/Pipeline/Pipeline.php:124
[03-Oct-2017 19:57:54 Asia/Tokyo] PHP  18. Illuminate\Session\Middleware\StartSession->handle() /home/ubuntu/workspace/monolist/vendor/laravel/framework/src/Illuminate/Pipeline/Pipeline.php:124
[03-Oct-2017 19:57:54 Asia/Tokyo] PHP  19. Illuminate\Pipeline\Pipeline->Illuminate\Pipeline\{closure}() /home/ubuntu/workspace/monolist/vendor/laravel/framework/src/Illuminate/Session/Middleware/StartSession.php:62
[03-Oct-2017 19:57:54 Asia/Tokyo] PHP  20. call_user_func_array:{/home/ubuntu/workspace/monolist/vendor/laravel/framework/src/Illuminate/Pipeline/Pipeline.php:124}() /home/ubuntu/workspace/monolist/vendor/laravel/framework/src/Illuminate/Pipeline/Pipeline.php:124
[03-Oct-2017 19:57:54 Asia/Tokyo] PHP  21. Illuminate\View\Middleware\ShareErrorsFromSession->handle() /home/ubuntu/workspace/monolist/vendor/laravel/framework/src/Illuminate/Pipeline/Pipeline.php:124
[03-Oct-2017 19:57:54 Asia/Tokyo] PHP  22. Illuminate\Pipeline\Pipeline->Illuminate\Pipeline\{closure}() /home/ubuntu/workspace/monolist/vendor/laravel/framework/src/Illuminate/View/Middleware/ShareErrorsFromSession.php:49
[03-Oct-2017 19:57:54 Asia/Tokyo] PHP  23. call_user_func_array:{/home/ubuntu/workspace/monolist/vendor/laravel/framework/src/Illuminate/Pipeline/Pipeline.php:124}() /home/ubuntu/workspace/monolist/vendor/laravel/framework/src/Illuminate/Pipeline/Pipeline.php:124
[03-Oct-2017 19:57:54 Asia/Tokyo] PHP  24. Illuminate\Foundation\Http\Middleware\VerifyCsrfToken->handle() /home/ubuntu/workspace/monolist/vendor/laravel/framework/src/Illuminate/Pipeline/Pipeline.php:124
[03-Oct-2017 19:57:54 Asia/Tokyo] PHP  25. Illuminate\Pipeline\Pipeline->Illuminate\Pipeline\{closure}() /home/ubuntu/workspace/monolist/vendor/laravel/framework/src/Illuminate/Foundation/Http/Middleware/VerifyCsrfToken.php:50
[03-Oct-2017 19:57:54 Asia/Tokyo] PHP  26. call_user_func:{/home/ubuntu/workspace/monolist/vendor/laravel/framework/src/Illuminate/Pipeline/Pipeline.php:139}() /home/ubuntu/workspace/monolist/vendor/laravel/framework/src/Illuminate/Pipeline/Pipeline.php:139
[03-Oct-2017 19:57:54 Asia/Tokyo] PHP  27. Illuminate\Foundation\Http\Kernel->Illuminate\Foundation\Http\{closure}() /home/ubuntu/workspace/monolist/vendor/laravel/framework/src/Illuminate/Pipeline/Pipeline.php:139
[03-Oct-2017 19:57:54 Asia/Tokyo] PHP  28. Illuminate\Routing\Router->dispatch() /home/ubuntu/workspace/monolist/vendor/laravel/framework/src/Illuminate/Foundation/Http/Kernel.php:236
[03-Oct-2017 19:57:54 Asia/Tokyo] PHP  29. Illuminate\Routing\Router->dispatchToRoute() /home/ubuntu/workspace/monolist/vendor/laravel/framework/src/Illuminate/Routing/Router.php:635
[03-Oct-2017 19:57:54 Asia/Tokyo] PHP  30. Illuminate\Routing\Router->runRouteWithinStack() /home/ubuntu/workspace/monolist/vendor/laravel/framework/src/Illuminate/Routing/Router.php:675
[03-Oct-2017 19:57:54 Asia/Tokyo] PHP  31. Illuminate\Pipeline\Pipeline->then() /home/ubuntu/workspace/monolist/vendor/laravel/framework/src/Illuminate/Routing/Router.php:710
[03-Oct-2017 19:57:54 Asia/Tokyo] PHP  32. call_user_func:{/home/ubuntu/workspace/monolist/vendor/laravel/framework/src/Illuminate/Pipeline/Pipeline.php:103}() /home/ubuntu/workspace/monolist/vendor/laravel/framework/src/Illuminate/Pipeline/Pipeline.php:103
[03-Oct-2017 19:57:54 Asia/Tokyo] PHP  33. Illuminate\Pipeline\Pipeline->Illuminate\Pipeline\{closure}() /home/ubuntu/workspace/monolist/vendor/laravel/framework/src/Illuminate/Pipeline/Pipeline.php:103
[03-Oct-2017 19:57:54 Asia/Tokyo] PHP  34. call_user_func_array:{/home/ubuntu/workspace/monolist/vendor/laravel/framework/src/Illuminate/Pipeline/Pipeline.php:124}() /home/ubuntu/workspace/monolist/vendor/laravel/framework/src/Illuminate/Pipeline/Pipeline.php:124
[03-Oct-2017 19:57:54 Asia/Tokyo] PHP  35. App\Http\Middleware\Authenticate->handle() /home/ubuntu/workspace/monolist/vendor/laravel/framework/src/Illuminate/Pipeline/Pipeline.php:124
[03-Oct-2017 19:57:54 Asia/Tokyo] PHP  36. Illuminate\Pipeline\Pipeline->Illuminate\Pipeline\{closure}() /home/ubuntu/workspace/monolist/app/Http/Middleware/Authenticate.php:45
[03-Oct-2017 19:57:54 Asia/Tokyo] PHP  37. call_user_func:{/home/ubuntu/workspace/monolist/vendor/laravel/framework/src/Illuminate/Pipeline/Pipeline.php:139}() /home/ubuntu/workspace/monolist/vendor/laravel/framework/src/Illuminate/Pipeline/Pipeline.php:139
[03-Oct-2017 19:57:54 Asia/Tokyo] PHP  38. Illuminate\Routing\Router->Illuminate\Routing\{closure}() /home/ubuntu/workspace/monolist/vendor/laravel/framework/src/Illuminate/Pipeline/Pipeline.php:139
[03-Oct-2017 19:57:54 Asia/Tokyo] PHP  39. Illuminate\Routing\Route->run() /home/ubuntu/workspace/monolist/vendor/laravel/framework/src/Illuminate/Routing/Router.php:708
[03-Oct-2017 19:57:54 Asia/Tokyo] PHP  40. Illuminate\Routing\Route->runWithCustomDispatcher() /home/ubuntu/workspace/monolist/vendor/laravel/framework/src/Illuminate/Routing/Route.php:134
[03-Oct-2017 19:57:54 Asia/Tokyo] PHP  41. Illuminate\Routing\ControllerDispatcher->dispatch() /home/ubuntu/workspace/monolist/vendor/laravel/framework/src/Illuminate/Routing/Route.php:203
[03-Oct-2017 19:57:54 Asia/Tokyo] PHP  42. Illuminate\Routing\ControllerDispatcher->callWithinStack() /home/ubuntu/workspace/monolist/vendor/laravel/framework/src/Illuminate/Routing/ControllerDispatcher.php:69
[03-Oct-2017 19:57:54 Asia/Tokyo] PHP  43. Illuminate\Pipeline\Pipeline->then() /home/ubuntu/workspace/monolist/vendor/laravel/framework/src/Illuminate/Routing/ControllerDispatcher.php:114
[03-Oct-2017 19:57:54 Asia/Tokyo] PHP  44. call_user_func:{/home/ubuntu/workspace/monolist/vendor/laravel/framework/src/Illuminate/Pipeline/Pipeline.php:103}() /home/ubuntu/workspace/monolist/vendor/laravel/framework/src/Illuminate/Pipeline/Pipeline.php:103
[03-Oct-2017 19:57:54 Asia/Tokyo] PHP  45. Illuminate\Pipeline\Pipeline->Illuminate\Pipeline\{closure}() /home/ubuntu/workspace/monolist/vendor/laravel/framework/src/Illuminate/Pipeline/Pipeline.php:103
[03-Oct-2017 19:57:54 Asia/Tokyo] PHP  46. call_user_func:{/home/ubuntu/workspace/monolist/vendor/laravel/framework/src/Illuminate/Pipeline/Pipeline.php:139}() /home/ubuntu/workspace/monolist/vendor/laravel/framework/src/Illuminate/Pipeline/Pipeline.php:139
[03-Oct-2017 19:57:54 Asia/Tokyo] PHP  47. Illuminate\Routing\ControllerDispatcher->Illuminate\Routing\{closure}() /home/ubuntu/workspace/monolist/vendor/laravel/framework/src/Illuminate/Pipeline/Pipeline.php:139
[03-Oct-2017 19:57:54 Asia/Tokyo] PHP  48. Illuminate\Routing\ControllerDispatcher->call() /home/ubuntu/workspace/monolist/vendor/laravel/framework/src/Illuminate/Routing/ControllerDispatcher.php:112
[03-Oct-2017 19:57:54 Asia/Tokyo] PHP  49. Illuminate\Routing\Controller->callAction() /home/ubuntu/workspace/monolist/vendor/laravel/framework/src/Illuminate/Routing/ControllerDispatcher.php:164
[03-Oct-2017 19:57:54 Asia/Tokyo] PHP  50. call_user_func_array:{/home/ubuntu/workspace/monolist/vendor/laravel/framework/src/Illuminate/Routing/Controller.php:256}() /home/ubuntu/workspace/monolist/vendor/laravel/framework/src/Illuminate/Routing/Controller.php:256
[03-Oct-2017 19:57:54 Asia/Tokyo] PHP  51. App\Http\Controllers\ItemsController->create() /home/ubuntu/workspace/monolist/vendor/laravel/framework/src/Illuminate/Routing/Controller.php:256
[03-Oct-2017 19:59:38 Asia/Tokyo] PHP Fatal error:  Class 'App\Http\Controllers\Item' not found in /home/ubuntu/workspace/monolist/app/Http/Controllers/ItemsController.php on line 42
[03-Oct-2017 19:59:38 Asia/Tokyo] PHP Stack trace:
[03-Oct-2017 19:59:38 Asia/Tokyo] PHP   1. {main}() /home/ubuntu/workspace/monolist/server.php:0
[03-Oct-2017 19:59:38 Asia/Tokyo] PHP   2. require_once() /home/ubuntu/workspace/monolist/server.php:21
[03-Oct-2017 19:59:38 Asia/Tokyo] PHP   3. Illuminate\Foundation\Http\Kernel->handle() /home/ubuntu/workspace/monolist/public/index.php:54
[03-Oct-2017 19:59:38 Asia/Tokyo] PHP   4. Illuminate\Foundation\Http\Kernel->sendRequestThroughRouter() /home/ubuntu/workspace/monolist/vendor/laravel/framework/src/Illuminate/Foundation/Http/Kernel.php:87
[03-Oct-2017 19:59:38 Asia/Tokyo] PHP   5. Illuminate\Pipeline\Pipeline->then() /home/ubuntu/workspace/monolist/vendor/laravel/framework/src/Illuminate/Foundation/Http/Kernel.php:122
[03-Oct-2017 19:59:38 Asia/Tokyo] PHP   6. call_user_func:{/home/ubuntu/workspace/monolist/vendor/laravel/framework/src/Illuminate/Pipeline/Pipeline.php:103}() /home/ubuntu/workspace/monolist/vendor/laravel/framework/src/Illuminate/Pipeline/Pipeline.php:103
[03-Oct-2017 19:59:38 Asia/Tokyo] PHP   7. Illuminate\Pipeline\Pipeline->Illuminate\Pipeline\{closure}() /home/ubuntu/workspace/monolist/vendor/laravel/framework/src/Illuminate/Pipeline/Pipeline.php:103
[03-Oct-2017 19:59:38 Asia/Tokyo] PHP   8. call_user_func_array:{/home/ubuntu/workspace/monolist/vendor/laravel/framework/src/Illuminate/Pipeline/Pipeline.php:124}() /home/ubuntu/workspace/monolist/vendor/laravel/framework/src/Illuminate/Pipeline/Pipeline.php:124
[03-Oct-2017 19:59:38 Asia/Tokyo] PHP   9. Illuminate\Foundation\Http\Middleware\CheckForMaintenanceMode->handle() /home/ubuntu/workspace/monolist/vendor/laravel/framework/src/Illuminate/Pipeline/Pipeline.php:124
[03-Oct-2017 19:59:38 Asia/Tokyo] PHP  10. Illuminate\Pipeline\Pipeline->Illuminate\Pipeline\{closure}() /home/ubuntu/workspace/monolist/vendor/laravel/framework/src/Illuminate/Foundation/Http/Middleware/CheckForMaintenanceMode.php:44
[03-Oct-2017 19:59:38 Asia/Tokyo] PHP  11. call_user_func_array:{/home/ubuntu/workspace/monolist/vendor/laravel/framework/src/Illuminate/Pipeline/Pipeline.php:124}() /home/ubuntu/workspace/monolist/vendor/laravel/framework/src/Illuminate/Pipeline/Pipeline.php:124
[03-Oct-2017 19:59:38 Asia/Tokyo] PHP  12. Illuminate\Cookie\Middleware\EncryptCookies->handle() /home/ubuntu/workspace/monolist/vendor/laravel/framework/src/Illuminate/Pipeline/Pipeline.php:124
[03-Oct-2017 19:59:38 Asia/Tokyo] PHP  13. Illuminate\Pipeline\Pipeline->Illuminate\Pipeline\{closure}() /home/ubuntu/workspace/monolist/vendor/laravel/framework/src/Illuminate/Cookie/Middleware/EncryptCookies.php:59
[03-Oct-2017 19:59:38 Asia/Tokyo] PHP  14. call_user_func_array:{/home/ubuntu/workspace/monolist/vendor/laravel/framework/src/Illuminate/Pipeline/Pipeline.php:124}() /home/ubuntu/workspace/monolist/vendor/laravel/framework/src/Illuminate/Pipeline/Pipeline.php:124
[03-Oct-2017 19:59:38 Asia/Tokyo] PHP  15. Illuminate\Cookie\Middleware\AddQueuedCookiesToResponse->handle() /home/ubuntu/workspace/monolist/vendor/laravel/framework/src/Illuminate/Pipeline/Pipeline.php:124
[03-Oct-2017 19:59:38 Asia/Tokyo] PHP  16. Illuminate\Pipeline\Pipeline->Illuminate\Pipeline\{closure}() /home/ubuntu/workspace/monolist/vendor/laravel/framework/src/Illuminate/Cookie/Middleware/AddQueuedCookiesToResponse.php:37
[03-Oct-2017 19:59:38 Asia/Tokyo] PHP  17. call_user_func_array:{/home/ubuntu/workspace/monolist/vendor/laravel/framework/src/Illuminate/Pipeline/Pipeline.php:124}() /home/ubuntu/workspace/monolist/vendor/laravel/framework/src/Illuminate/Pipeline/Pipeline.php:124
[03-Oct-2017 19:59:38 Asia/Tokyo] PHP  18. Illuminate\Session\Middleware\StartSession->handle() /home/ubuntu/workspace/monolist/vendor/laravel/framework/src/Illuminate/Pipeline/Pipeline.php:124
[03-Oct-2017 19:59:38 Asia/Tokyo] PHP  19. Illuminate\Pipeline\Pipeline->Illuminate\Pipeline\{closure}() /home/ubuntu/workspace/monolist/vendor/laravel/framework/src/Illuminate/Session/Middleware/StartSession.php:62
[03-Oct-2017 19:59:38 Asia/Tokyo] PHP  20. call_user_func_array:{/home/ubuntu/workspace/monolist/vendor/laravel/framework/src/Illuminate/Pipeline/Pipeline.php:124}() /home/ubuntu/workspace/monolist/vendor/laravel/framework/src/Illuminate/Pipeline/Pipeline.php:124
[03-Oct-2017 19:59:38 Asia/Tokyo] PHP  21. Illuminate\View\Middleware\ShareErrorsFromSession->handle() /home/ubuntu/workspace/monolist/vendor/laravel/framework/src/Illuminate/Pipeline/Pipeline.php:124
[03-Oct-2017 19:59:38 Asia/Tokyo] PHP  22. Illuminate\Pipeline\Pipeline->Illuminate\Pipeline\{closure}() /home/ubuntu/workspace/monolist/vendor/laravel/framework/src/Illuminate/View/Middleware/ShareErrorsFromSession.php:49
[03-Oct-2017 19:59:38 Asia/Tokyo] PHP  23. call_user_func_array:{/home/ubuntu/workspace/monolist/vendor/laravel/framework/src/Illuminate/Pipeline/Pipeline.php:124}() /home/ubuntu/workspace/monolist/vendor/laravel/framework/src/Illuminate/Pipeline/Pipeline.php:124
[03-Oct-2017 19:59:38 Asia/Tokyo] PHP  24. Illuminate\Foundation\Http\Middleware\VerifyCsrfToken->handle() /home/ubuntu/workspace/monolist/vendor/laravel/framework/src/Illuminate/Pipeline/Pipeline.php:124
[03-Oct-2017 19:59:38 Asia/Tokyo] PHP  25. Illuminate\Pipeline\Pipeline->Illuminate\Pipeline\{closure}() /home/ubuntu/workspace/monolist/vendor/laravel/framework/src/Illuminate/Foundation/Http/Middleware/VerifyCsrfToken.php:50
[03-Oct-2017 19:59:38 Asia/Tokyo] PHP  26. call_user_func:{/home/ubuntu/workspace/monolist/vendor/laravel/framework/src/Illuminate/Pipeline/Pipeline.php:139}() /home/ubuntu/workspace/monolist/vendor/laravel/framework/src/Illuminate/Pipeline/Pipeline.php:139
[03-Oct-2017 19:59:38 Asia/Tokyo] PHP  27. Illuminate\Foundation\Http\Kernel->Illuminate\Foundation\Http\{closure}() /home/ubuntu/workspace/monolist/vendor/laravel/framework/src/Illuminate/Pipeline/Pipeline.php:139
[03-Oct-2017 19:59:38 Asia/Tokyo] PHP  28. Illuminate\Routing\Router->dispatch() /home/ubuntu/workspace/monolist/vendor/laravel/framework/src/Illuminate/Foundation/Http/Kernel.php:236
[03-Oct-2017 19:59:38 Asia/Tokyo] PHP  29. Illuminate\Routing\Router->dispatchToRoute() /home/ubuntu/workspace/monolist/vendor/laravel/framework/src/Illuminate/Routing/Router.php:635
[03-Oct-2017 19:59:38 Asia/Tokyo] PHP  30. Illuminate\Routing\Router->runRouteWithinStack() /home/ubuntu/workspace/monolist/vendor/laravel/framework/src/Illuminate/Routing/Router.php:675
[03-Oct-2017 19:59:38 Asia/Tokyo] PHP  31. Illuminate\Pipeline\Pipeline->then() /home/ubuntu/workspace/monolist/vendor/laravel/framework/src/Illuminate/Routing/Router.php:710
[03-Oct-2017 19:59:38 Asia/Tokyo] PHP  32. call_user_func:{/home/ubuntu/workspace/monolist/vendor/laravel/framework/src/Illuminate/Pipeline/Pipeline.php:103}() /home/ubuntu/workspace/monolist/vendor/laravel/framework/src/Illuminate/Pipeline/Pipeline.php:103
[03-Oct-2017 19:59:38 Asia/Tokyo] PHP  33. Illuminate\Pipeline\Pipeline->Illuminate\Pipeline\{closure}() /home/ubuntu/workspace/monolist/vendor/laravel/framework/src/Illuminate/Pipeline/Pipeline.php:103
[03-Oct-2017 19:59:38 Asia/Tokyo] PHP  34. call_user_func_array:{/home/ubuntu/workspace/monolist/vendor/laravel/framework/src/Illuminate/Pipeline/Pipeline.php:124}() /home/ubuntu/workspace/monolist/vendor/laravel/framework/src/Illuminate/Pipeline/Pipeline.php:124
[03-Oct-2017 19:59:38 Asia/Tokyo] PHP  35. App\Http\Middleware\Authenticate->handle() /home/ubuntu/workspace/monolist/vendor/laravel/framework/src/Illuminate/Pipeline/Pipeline.php:124
[03-Oct-2017 19:59:38 Asia/Tokyo] PHP  36. Illuminate\Pipeline\Pipeline->Illuminate\Pipeline\{closure}() /home/ubuntu/workspace/monolist/app/Http/Middleware/Authenticate.php:45
[03-Oct-2017 19:59:38 Asia/Tokyo] PHP  37. call_user_func:{/home/ubuntu/workspace/monolist/vendor/laravel/framework/src/Illuminate/Pipeline/Pipeline.php:139}() /home/ubuntu/workspace/monolist/vendor/laravel/framework/src/Illuminate/Pipeline/Pipeline.php:139
[03-Oct-2017 19:59:38 Asia/Tokyo] PHP  38. Illuminate\Routing\Router->Illuminate\Routing\{closure}() /home/ubuntu/workspace/monolist/vendor/laravel/framework/src/Illuminate/Pipeline/Pipeline.php:139
[03-Oct-2017 19:59:38 Asia/Tokyo] PHP  39. Illuminate\Routing\Route->run() /home/ubuntu/workspace/monolist/vendor/laravel/framework/src/Illuminate/Routing/Router.php:708
[03-Oct-2017 19:59:38 Asia/Tokyo] PHP  40. Illuminate\Routing\Route->runWithCustomDispatcher() /home/ubuntu/workspace/monolist/vendor/laravel/framework/src/Illuminate/Routing/Route.php:134
[03-Oct-2017 19:59:38 Asia/Tokyo] PHP  41. Illuminate\Routing\ControllerDispatcher->dispatch() /home/ubuntu/workspace/monolist/vendor/laravel/framework/src/Illuminate/Routing/Route.php:203
[03-Oct-2017 19:59:38 Asia/Tokyo] PHP  42. Illuminate\Routing\ControllerDispatcher->callWithinStack() /home/ubuntu/workspace/monolist/vendor/laravel/framework/src/Illuminate/Routing/ControllerDispatcher.php:69
[03-Oct-2017 19:59:38 Asia/Tokyo] PHP  43. Illuminate\Pipeline\Pipeline->then() /home/ubuntu/workspace/monolist/vendor/laravel/framework/src/Illuminate/Routing/ControllerDispatcher.php:114
[03-Oct-2017 19:59:38 Asia/Tokyo] PHP  44. call_user_func:{/home/ubuntu/workspace/monolist/vendor/laravel/framework/src/Illuminate/Pipeline/Pipeline.php:103}() /home/ubuntu/workspace/monolist/vendor/laravel/framework/src/Illuminate/Pipeline/Pipeline.php:103
[03-Oct-2017 19:59:38 Asia/Tokyo] PHP  45. Illuminate\Pipeline\Pipeline->Illuminate\Pipeline\{closure}() /home/ubuntu/workspace/monolist/vendor/laravel/framework/src/Illuminate/Pipeline/Pipeline.php:103
[03-Oct-2017 19:59:38 Asia/Tokyo] PHP  46. call_user_func:{/home/ubuntu/workspace/monolist/vendor/laravel/framework/src/Illuminate/Pipeline/Pipeline.php:139}() /home/ubuntu/workspace/monolist/vendor/laravel/framework/src/Illuminate/Pipeline/Pipeline.php:139
[03-Oct-2017 19:59:38 Asia/Tokyo] PHP  47. Illuminate\Routing\ControllerDispatcher->Illuminate\Routing\{closure}() /home/ubuntu/workspace/monolist/vendor/laravel/framework/src/Illuminate/Pipeline/Pipeline.php:139
[03-Oct-2017 19:59:38 Asia/Tokyo] PHP  48. Illuminate\Routing\ControllerDispatcher->call() /home/ubuntu/workspace/monolist/vendor/laravel/framework/src/Illuminate/Routing/ControllerDispatcher.php:112
[03-Oct-2017 19:59:38 Asia/Tokyo] PHP  49. Illuminate\Routing\Controller->callAction() /home/ubuntu/workspace/monolist/vendor/laravel/framework/src/Illuminate/Routing/ControllerDispatcher.php:164
[03-Oct-2017 19:59:38 Asia/Tokyo] PHP  50. call_user_func_array:{/home/ubuntu/workspace/monolist/vendor/laravel/framework/src/Illuminate/Routing/Controller.php:256}() /home/ubuntu/workspace/monolist/vendor/laravel/framework/src/Illuminate/Routing/Controller.php:256
[03-Oct-2017 19:59:38 Asia/Tokyo] PHP  51. App\Http\Controllers\ItemsController->create() /home/ubuntu/workspace/monolist/vendor/laravel/framework/src/Illuminate/Routing/Controller.php:256
[04-Oct-2017 22:37:03 Asia/Tokyo] PHP Fatal error:  Class 'App\Http\Controllers\Item' not found in /home/ubuntu/workspace/monolist/app/Http/Controllers/WelcomeController.php on line 19
[04-Oct-2017 22:37:03 Asia/Tokyo] PHP Stack trace:
[04-Oct-2017 22:37:03 Asia/Tokyo] PHP   1. {main}() /home/ubuntu/workspace/monolist/server.php:0
[04-Oct-2017 22:37:03 Asia/Tokyo] PHP   2. require_once() /home/ubuntu/workspace/monolist/server.php:21
[04-Oct-2017 22:37:03 Asia/Tokyo] PHP   3. Illuminate\Foundation\Http\Kernel->handle() /home/ubuntu/workspace/monolist/public/index.php:54
[04-Oct-2017 22:37:03 Asia/Tokyo] PHP   4. Illuminate\Foundation\Http\Kernel->sendRequestThroughRouter() /home/ubuntu/workspace/monolist/vendor/laravel/framework/src/Illuminate/Foundation/Http/Kernel.php:87
[04-Oct-2017 22:37:03 Asia/Tokyo] PHP   5. Illuminate\Pipeline\Pipeline->then() /home/ubuntu/workspace/monolist/vendor/laravel/framework/src/Illuminate/Foundation/Http/Kernel.php:122
[04-Oct-2017 22:37:03 Asia/Tokyo] PHP   6. call_user_func:{/home/ubuntu/workspace/monolist/vendor/laravel/framework/src/Illuminate/Pipeline/Pipeline.php:103}() /home/ubuntu/workspace/monolist/vendor/laravel/framework/src/Illuminate/Pipeline/Pipeline.php:103
[04-Oct-2017 22:37:03 Asia/Tokyo] PHP   7. Illuminate\Pipeline\Pipeline->Illuminate\Pipeline\{closure}() /home/ubuntu/workspace/monolist/vendor/laravel/framework/src/Illuminate/Pipeline/Pipeline.php:103
[04-Oct-2017 22:37:03 Asia/Tokyo] PHP   8. call_user_func_array:{/home/ubuntu/workspace/monolist/vendor/laravel/framework/src/Illuminate/Pipeline/Pipeline.php:124}() /home/ubuntu/workspace/monolist/vendor/laravel/framework/src/Illuminate/Pipeline/Pipeline.php:124
[04-Oct-2017 22:37:03 Asia/Tokyo] PHP   9. Illuminate\Foundation\Http\Middleware\CheckForMaintenanceMode->handle() /home/ubuntu/workspace/monolist/vendor/laravel/framework/src/Illuminate/Pipeline/Pipeline.php:124
[04-Oct-2017 22:37:03 Asia/Tokyo] PHP  10. Illuminate\Pipeline\Pipeline->Illuminate\Pipeline\{closure}() /home/ubuntu/workspace/monolist/vendor/laravel/framework/src/Illuminate/Foundation/Http/Middleware/CheckForMaintenanceMode.php:44
[04-Oct-2017 22:37:03 Asia/Tokyo] PHP  11. call_user_func_array:{/home/ubuntu/workspace/monolist/vendor/laravel/framework/src/Illuminate/Pipeline/Pipeline.php:124}() /home/ubuntu/workspace/monolist/vendor/laravel/framework/src/Illuminate/Pipeline/Pipeline.php:124
[04-Oct-2017 22:37:03 Asia/Tokyo] PHP  12. Illuminate\Cookie\Middleware\EncryptCookies->handle() /home/ubuntu/workspace/monolist/vendor/laravel/framework/src/Illuminate/Pipeline/Pipeline.php:124
[04-Oct-2017 22:37:03 Asia/Tokyo] PHP  13. Illuminate\Pipeline\Pipeline->Illuminate\Pipeline\{closure}() /home/ubuntu/workspace/monolist/vendor/laravel/framework/src/Illuminate/Cookie/Middleware/EncryptCookies.php:59
[04-Oct-2017 22:37:03 Asia/Tokyo] PHP  14. call_user_func_array:{/home/ubuntu/workspace/monolist/vendor/laravel/framework/src/Illuminate/Pipeline/Pipeline.php:124}() /home/ubuntu/workspace/monolist/vendor/laravel/framework/src/Illuminate/Pipeline/Pipeline.php:124
[04-Oct-2017 22:37:03 Asia/Tokyo] PHP  15. Illuminate\Cookie\Middleware\AddQueuedCookiesToResponse->handle() /home/ubuntu/workspace/monolist/vendor/laravel/framework/src/Illuminate/Pipeline/Pipeline.php:124
[04-Oct-2017 22:37:03 Asia/Tokyo] PHP  16. Illuminate\Pipeline\Pipeline->Illuminate\Pipeline\{closure}() /home/ubuntu/workspace/monolist/vendor/laravel/framework/src/Illuminate/Cookie/Middleware/AddQueuedCookiesToResponse.php:37
[04-Oct-2017 22:37:03 Asia/Tokyo] PHP  17. call_user_func_array:{/home/ubuntu/workspace/monolist/vendor/laravel/framework/src/Illuminate/Pipeline/Pipeline.php:124}() /home/ubuntu/workspace/monolist/vendor/laravel/framework/src/Illuminate/Pipeline/Pipeline.php:124
[04-Oct-2017 22:37:03 Asia/Tokyo] PHP  18. Illuminate\Session\Middleware\StartSession->handle() /home/ubuntu/workspace/monolist/vendor/laravel/framework/src/Illuminate/Pipeline/Pipeline.php:124
[04-Oct-2017 22:37:03 Asia/Tokyo] PHP  19. Illuminate\Pipeline\Pipeline->Illuminate\Pipeline\{closure}() /home/ubuntu/workspace/monolist/vendor/laravel/framework/src/Illuminate/Session/Middleware/StartSession.php:62
[04-Oct-2017 22:37:03 Asia/Tokyo] PHP  20. call_user_func_array:{/home/ubuntu/workspace/monolist/vendor/laravel/framework/src/Illuminate/Pipeline/Pipeline.php:124}() /home/ubuntu/workspace/monolist/vendor/laravel/framework/src/Illuminate/Pipeline/Pipeline.php:124
[04-Oct-2017 22:37:03 Asia/Tokyo] PHP  21. Illuminate\View\Middleware\ShareErrorsFromSession->handle() /home/ubuntu/workspace/monolist/vendor/laravel/framework/src/Illuminate/Pipeline/Pipeline.php:124
[04-Oct-2017 22:37:03 Asia/Tokyo] PHP  22. Illuminate\Pipeline\Pipeline->Illuminate\Pipeline\{closure}() /home/ubuntu/workspace/monolist/vendor/laravel/framework/src/Illuminate/View/Middleware/ShareErrorsFromSession.php:49
[04-Oct-2017 22:37:03 Asia/Tokyo] PHP  23. call_user_func_array:{/home/ubuntu/workspace/monolist/vendor/laravel/framework/src/Illuminate/Pipeline/Pipeline.php:124}() /home/ubuntu/workspace/monolist/vendor/laravel/framework/src/Illuminate/Pipeline/Pipeline.php:124
[04-Oct-2017 22:37:03 Asia/Tokyo] PHP  24. Illuminate\Foundation\Http\Middleware\VerifyCsrfToken->handle() /home/ubuntu/workspace/monolist/vendor/laravel/framework/src/Illuminate/Pipeline/Pipeline.php:124
[04-Oct-2017 22:37:03 Asia/Tokyo] PHP  25. Illuminate\Pipeline\Pipeline->Illuminate\Pipeline\{closure}() /home/ubuntu/workspace/monolist/vendor/laravel/framework/src/Illuminate/Foundation/Http/Middleware/VerifyCsrfToken.php:50
[04-Oct-2017 22:37:03 Asia/Tokyo] PHP  26. call_user_func:{/home/ubuntu/workspace/monolist/vendor/laravel/framework/src/Illuminate/Pipeline/Pipeline.php:139}() /home/ubuntu/workspace/monolist/vendor/laravel/framework/src/Illuminate/Pipeline/Pipeline.php:139
[04-Oct-2017 22:37:03 Asia/Tokyo] PHP  27. Illuminate\Foundation\Http\Kernel->Illuminate\Foundation\Http\{closure}() /home/ubuntu/workspace/monolist/vendor/laravel/framework/src/Illuminate/Pipeline/Pipeline.php:139
[04-Oct-2017 22:37:03 Asia/Tokyo] PHP  28. Illuminate\Routing\Router->dispatch() /home/ubuntu/workspace/monolist/vendor/laravel/framework/src/Illuminate/Foundation/Http/Kernel.php:236
[04-Oct-2017 22:37:03 Asia/Tokyo] PHP  29. Illuminate\Routing\Router->dispatchToRoute() /home/ubuntu/workspace/monolist/vendor/laravel/framework/src/Illuminate/Routing/Router.php:635
[04-Oct-2017 22:37:03 Asia/Tokyo] PHP  30. Illuminate\Routing\Router->runRouteWithinStack() /home/ubuntu/workspace/monolist/vendor/laravel/framework/src/Illuminate/Routing/Router.php:675
[04-Oct-2017 22:37:03 Asia/Tokyo] PHP  31. Illuminate\Pipeline\Pipeline->then() /home/ubuntu/workspace/monolist/vendor/laravel/framework/src/Illuminate/Routing/Router.php:710
[04-Oct-2017 22:37:03 Asia/Tokyo] PHP  32. call_user_func:{/home/ubuntu/workspace/monolist/vendor/laravel/framework/src/Illuminate/Pipeline/Pipeline.php:103}() /home/ubuntu/workspace/monolist/vendor/laravel/framework/src/Illuminate/Pipeline/Pipeline.php:103
[04-Oct-2017 22:37:03 Asia/Tokyo] PHP  33. Illuminate\Pipeline\Pipeline->Illuminate\Pipeline\{closure}() /home/ubuntu/workspace/monolist/vendor/laravel/framework/src/Illuminate/Pipeline/Pipeline.php:103
[04-Oct-2017 22:37:03 Asia/Tokyo] PHP  34. call_user_func:{/home/ubuntu/workspace/monolist/vendor/laravel/framework/src/Illuminate/Pipeline/Pipeline.php:139}() /home/ubuntu/workspace/monolist/vendor/laravel/framework/src/Illuminate/Pipeline/Pipeline.php:139
[04-Oct-2017 22:37:03 Asia/Tokyo] PHP  35. Illuminate\Routing\Router->Illuminate\Routing\{closure}() /home/ubuntu/workspace/monolist/vendor/laravel/framework/src/Illuminate/Pipeline/Pipeline.php:139
[04-Oct-2017 22:37:03 Asia/Tokyo] PHP  36. Illuminate\Routing\Route->run() /home/ubuntu/workspace/monolist/vendor/laravel/framework/src/Illuminate/Routing/Router.php:708
[04-Oct-2017 22:37:03 Asia/Tokyo] PHP  37. Illuminate\Routing\Route->runWithCustomDispatcher() /home/ubuntu/workspace/monolist/vendor/laravel/framework/src/Illuminate/Routing/Route.php:134
[04-Oct-2017 22:37:03 Asia/Tokyo] PHP  38. Illuminate\Routing\ControllerDispatcher->dispatch() /home/ubuntu/workspace/monolist/vendor/laravel/framework/src/Illuminate/Routing/Route.php:203
[04-Oct-2017 22:37:03 Asia/Tokyo] PHP  39. Illuminate\Routing\ControllerDispatcher->callWithinStack() /home/ubuntu/workspace/monolist/vendor/laravel/framework/src/Illuminate/Routing/ControllerDispatcher.php:69
[04-Oct-2017 22:37:03 Asia/Tokyo] PHP  40. Illuminate\Pipeline\Pipeline->then() /home/ubuntu/workspace/monolist/vendor/laravel/framework/src/Illuminate/Routing/ControllerDispatcher.php:114
[04-Oct-2017 22:37:03 Asia/Tokyo] PHP  41. call_user_func:{/home/ubuntu/workspace/monolist/vendor/laravel/framework/src/Illuminate/Pipeline/Pipeline.php:103}() /home/ubuntu/workspace/monolist/vendor/laravel/framework/src/Illuminate/Pipeline/Pipeline.php:103
[04-Oct-2017 22:37:03 Asia/Tokyo] PHP  42. Illuminate\Pipeline\Pipeline->Illuminate\Pipeline\{closure}() /home/ubuntu/workspace/monolist/vendor/laravel/framework/src/Illuminate/Pipeline/Pipeline.php:103
[04-Oct-2017 22:37:03 Asia/Tokyo] PHP  43. call_user_func:{/home/ubuntu/workspace/monolist/vendor/laravel/framework/src/Illuminate/Pipeline/Pipeline.php:139}() /home/ubuntu/workspace/monolist/vendor/laravel/framework/src/Illuminate/Pipeline/Pipeline.php:139
[04-Oct-2017 22:37:03 Asia/Tokyo] PHP  44. Illuminate\Routing\ControllerDispatcher->Illuminate\Routing\{closure}() /home/ubuntu/workspace/monolist/vendor/laravel/framework/src/Illuminate/Pipeline/Pipeline.php:139
[04-Oct-2017 22:37:03 Asia/Tokyo] PHP  45. Illuminate\Routing\ControllerDispatcher->call() /home/ubuntu/workspace/monolist/vendor/laravel/framework/src/Illuminate/Routing/ControllerDispatcher.php:112
[04-Oct-2017 22:37:03 Asia/Tokyo] PHP  46. Illuminate\Routing\Controller->callAction() /home/ubuntu/workspace/monolist/vendor/laravel/framework/src/Illuminate/Routing/ControllerDispatcher.php:164
[04-Oct-2017 22:37:03 Asia/Tokyo] PHP  47. call_user_func_array:{/home/ubuntu/workspace/monolist/vendor/laravel/framework/src/Illuminate/Routing/Controller.php:256}() /home/ubuntu/workspace/monolist/vendor/laravel/framework/src/Illuminate/Routing/Controller.php:256
[04-Oct-2017 22:37:03 Asia/Tokyo] PHP  48. App\Http\Controllers\WelcomeController->index() /home/ubuntu/workspace/monolist/vendor/laravel/framework/src/Illuminate/Routing/Controller.php:256
